2025-06-08T22:28:56+00:00 NOTICE Unable to detect valid feed configuration: No catalog ID CONTEXT: {"_legacy":true}
2025-06-08T22:28:56+00:00 NOTICE There was an error trying to get product set data in a catalog: Cannot create the API instance because the access token is missing. CONTEXT: {"_legacy":true}
2025-06-08T22:28:56+00:00 NOTICE ProductSetSync exception: exception_code : 0; exception_class : WooCommerce\Facebook\Framework\Api\Exception: exception_message : Cannot create the API instance because the access token is missing.; exception_trace : #0 C:\New folder\htdocs\shopping\wp-content\plugins\facebook-for-woocommerce\includes\ProductSets\ProductSetSync.php(148): WC_Facebookcommerce->get_api()
#1 C:\New folder\htdocs\shopping\wp-content\plugins\facebook-for-woocommerce\includes\ProductSets\ProductSetSync.php(235): WooCommerce\Facebook\ProductSets\ProductSetSync->get_fb_product_set_id(Object(WP_Term))
#2 C:\New folder\htdocs\shopping\wp-content\plugins\facebook-for-woocommerce\includes\ProductSets\ProductSetSync.php(110): WooCommerce\Facebook\ProductSets\ProductSetSync->sync_all_wc_product_categories()
#3 C:\New folder\htdocs\shopping\wp-includes\class-wp-hook.php(324): WooCommerce\Facebook\ProductSets\ProductSetSync->sync_all_product_sets()
#4 C:\New folder\htdocs\shopping\wp-includes\class-wp-hook.php(348): WP_Hook->apply_filters(NULL, Array)
#5 C:\New folder\htdocs\shopping\wp-includes\plugin.php(565): WP_Hook->do_action(Array)
#6 C:\New folder\htdocs\shopping\wp-content\plugins\woocommerce\packages\action-scheduler\classes\actions\ActionScheduler_Action.php(86): do_action_ref_array('facebook_for_wo...', Array)
#7 C:\New folder\htdocs\shopping\wp-content\plugins\woocommerce\packages\action-scheduler\classes\abstracts\ActionScheduler_Abstract_QueueRunner.php(102): ActionScheduler_Action->execute()
#8 C:\New folder\htdocs\shopping\wp-content\plugins\woocommerce\packages\action-scheduler\classes\ActionScheduler_QueueRunner.php(188): ActionScheduler_Abstract_QueueRunner->process_action(164, 'Async Request')
#9 C:\New folder\htdocs\shopping\wp-content\plugins\woocommerce\packages\action-scheduler\classes\ActionScheduler_QueueRunner.php(158): ActionScheduler_QueueRunner->do_batch(25, 'Async Request')
#10 C:\New folder\htdocs\shopping\wp-includes\class-wp-hook.php(324): ActionScheduler_QueueRunner->run('Async Request')
#11 C:\New folder\htdocs\shopping\wp-includes\class-wp-hook.php(348): WP_Hook->apply_filters('', Array)
#12 C:\New folder\htdocs\shopping\wp-includes\plugin.php(517): WP_Hook->do_action(Array)
#13 C:\New folder\htdocs\shopping\wp-content\plugins\woocommerce\packages\action-scheduler\classes\ActionScheduler_AsyncRequest_QueueRunner.php(48): do_action('action_schedule...', 'Async Request')
#14 C:\New folder\htdocs\shopping\wp-content\plugins\woocommerce\includes\libraries\wp-async-request.php(147): ActionScheduler_AsyncRequest_QueueRunner->handle()
#15 C:\New folder\htdocs\shopping\wp-includes\class-wp-hook.php(324): WP_Async_Request->maybe_handle('')
#16 C:\New folder\htdocs\shopping\wp-includes\class-wp-hook.php(348): WP_Hook->apply_filters('', Array)
#17 C:\New folder\htdocs\shopping\wp-includes\plugin.php(517): WP_Hook->do_action(Array)
#18 C:\New folder\htdocs\shopping\wp-admin\admin-ajax.php(207): do_action('wp_ajax_nopriv_...')
#19 {main} CONTEXT: {"_legacy":true}
2025-06-08T22:28:56+00:00 NOTICE There was an error trying to get product set data in a catalog: Cannot create the API instance because the access token is missing. CONTEXT: {"_legacy":true}
2025-06-08T22:28:56+00:00 NOTICE ProductSetSync exception: exception_code : 0; exception_class : WooCommerce\Facebook\Framework\Api\Exception: exception_message : Cannot create the API instance because the access token is missing.; exception_trace : #0 C:\New folder\htdocs\shopping\wp-content\plugins\facebook-for-woocommerce\includes\ProductSets\ProductSetSync.php(148): WC_Facebookcommerce->get_api()
#1 C:\New folder\htdocs\shopping\wp-content\plugins\facebook-for-woocommerce\includes\ProductSets\ProductSetSync.php(235): WooCommerce\Facebook\ProductSets\ProductSetSync->get_fb_product_set_id(Object(WP_Term))
#2 C:\New folder\htdocs\shopping\wp-content\plugins\facebook-for-woocommerce\includes\ProductSets\ProductSetSync.php(110): WooCommerce\Facebook\ProductSets\ProductSetSync->sync_all_wc_product_categories()
#3 C:\New folder\htdocs\shopping\wp-includes\class-wp-hook.php(324): WooCommerce\Facebook\ProductSets\ProductSetSync->sync_all_product_sets()
#4 C:\New folder\htdocs\shopping\wp-includes\class-wp-hook.php(348): WP_Hook->apply_filters(NULL, Array)
#5 C:\New folder\htdocs\shopping\wp-includes\plugin.php(565): WP_Hook->do_action(Array)
#6 C:\New folder\htdocs\shopping\wp-content\plugins\woocommerce\packages\action-scheduler\classes\actions\ActionScheduler_Action.php(86): do_action_ref_array('facebook_for_wo...', Array)
#7 C:\New folder\htdocs\shopping\wp-content\plugins\woocommerce\packages\action-scheduler\classes\abstracts\ActionScheduler_Abstract_QueueRunner.php(102): ActionScheduler_Action->execute()
#8 C:\New folder\htdocs\shopping\wp-content\plugins\woocommerce\packages\action-scheduler\classes\ActionScheduler_QueueRunner.php(188): ActionScheduler_Abstract_QueueRunner->process_action(164, 'Async Request')
#9 C:\New folder\htdocs\shopping\wp-content\plugins\woocommerce\packages\action-scheduler\classes\ActionScheduler_QueueRunner.php(158): ActionScheduler_QueueRunner->do_batch(25, 'Async Request')
#10 C:\New folder\htdocs\shopping\wp-includes\class-wp-hook.php(324): ActionScheduler_QueueRunner->run('Async Request')
#11 C:\New folder\htdocs\shopping\wp-includes\class-wp-hook.php(348): WP_Hook->apply_filters('', Array)
#12 C:\New folder\htdocs\shopping\wp-includes\plugin.php(517): WP_Hook->do_action(Array)
#13 C:\New folder\htdocs\shopping\wp-content\plugins\woocommerce\packages\action-scheduler\classes\ActionScheduler_AsyncRequest_QueueRunner.php(48): do_action('action_schedule...', 'Async Request')
#14 C:\New folder\htdocs\shopping\wp-content\plugins\woocommerce\includes\libraries\wp-async-request.php(147): ActionScheduler_AsyncRequest_QueueRunner->handle()
#15 C:\New folder\htdocs\shopping\wp-includes\class-wp-hook.php(324): WP_Async_Request->maybe_handle('')
#16 C:\New folder\htdocs\shopping\wp-includes\class-wp-hook.php(348): WP_Hook->apply_filters('', Array)
#17 C:\New folder\htdocs\shopping\wp-includes\plugin.php(517): WP_Hook->do_action(Array)
#18 C:\New folder\htdocs\shopping\wp-admin\admin-ajax.php(207): do_action('wp_ajax_nopriv_...')
#19 {main} CONTEXT: {"_legacy":true}
2025-06-08T22:28:56+00:00 NOTICE There was an error trying to get product set data in a catalog: Cannot create the API instance because the access token is missing. CONTEXT: {"_legacy":true}
2025-06-08T22:28:56+00:00 NOTICE ProductSetSync exception: exception_code : 0; exception_class : WooCommerce\Facebook\Framework\Api\Exception: exception_message : Cannot create the API instance because the access token is missing.; exception_trace : #0 C:\New folder\htdocs\shopping\wp-content\plugins\facebook-for-woocommerce\includes\ProductSets\ProductSetSync.php(148): WC_Facebookcommerce->get_api()
#1 C:\New folder\htdocs\shopping\wp-content\plugins\facebook-for-woocommerce\includes\ProductSets\ProductSetSync.php(235): WooCommerce\Facebook\ProductSets\ProductSetSync->get_fb_product_set_id(Object(WP_Term))
#2 C:\New folder\htdocs\shopping\wp-content\plugins\facebook-for-woocommerce\includes\ProductSets\ProductSetSync.php(110): WooCommerce\Facebook\ProductSets\ProductSetSync->sync_all_wc_product_categories()
#3 C:\New folder\htdocs\shopping\wp-includes\class-wp-hook.php(324): WooCommerce\Facebook\ProductSets\ProductSetSync->sync_all_product_sets()
#4 C:\New folder\htdocs\shopping\wp-includes\class-wp-hook.php(348): WP_Hook->apply_filters(NULL, Array)
#5 C:\New folder\htdocs\shopping\wp-includes\plugin.php(565): WP_Hook->do_action(Array)
#6 C:\New folder\htdocs\shopping\wp-content\plugins\woocommerce\packages\action-scheduler\classes\actions\ActionScheduler_Action.php(86): do_action_ref_array('facebook_for_wo...', Array)
#7 C:\New folder\htdocs\shopping\wp-content\plugins\woocommerce\packages\action-scheduler\classes\abstracts\ActionScheduler_Abstract_QueueRunner.php(102): ActionScheduler_Action->execute()
#8 C:\New folder\htdocs\shopping\wp-content\plugins\woocommerce\packages\action-scheduler\classes\ActionScheduler_QueueRunner.php(188): ActionScheduler_Abstract_QueueRunner->process_action(164, 'Async Request')
#9 C:\New folder\htdocs\shopping\wp-content\plugins\woocommerce\packages\action-scheduler\classes\ActionScheduler_QueueRunner.php(158): ActionScheduler_QueueRunner->do_batch(25, 'Async Request')
#10 C:\New folder\htdocs\shopping\wp-includes\class-wp-hook.php(324): ActionScheduler_QueueRunner->run('Async Request')
#11 C:\New folder\htdocs\shopping\wp-includes\class-wp-hook.php(348): WP_Hook->apply_filters('', Array)
#12 C:\New folder\htdocs\shopping\wp-includes\plugin.php(517): WP_Hook->do_action(Array)
#13 C:\New folder\htdocs\shopping\wp-content\plugins\woocommerce\packages\action-scheduler\classes\ActionScheduler_AsyncRequest_QueueRunner.php(48): do_action('action_schedule...', 'Async Request')
#14 C:\New folder\htdocs\shopping\wp-content\plugins\woocommerce\includes\libraries\wp-async-request.php(147): ActionScheduler_AsyncRequest_QueueRunner->handle()
#15 C:\New folder\htdocs\shopping\wp-includes\class-wp-hook.php(324): WP_Async_Request->maybe_handle('')
#16 C:\New folder\htdocs\shopping\wp-includes\class-wp-hook.php(348): WP_Hook->apply_filters('', Array)
#17 C:\New folder\htdocs\shopping\wp-includes\plugin.php(517): WP_Hook->do_action(Array)
#18 C:\New folder\htdocs\shopping\wp-admin\admin-ajax.php(207): do_action('wp_ajax_nopriv_...')
#19 {main} CONTEXT: {"_legacy":true}
2025-06-08T22:28:56+00:00 NOTICE There was an error trying to get product set data in a catalog: Cannot create the API instance because the access token is missing. CONTEXT: {"_legacy":true}
2025-06-08T22:28:56+00:00 NOTICE ProductSetSync exception: exception_code : 0; exception_class : WooCommerce\Facebook\Framework\Api\Exception: exception_message : Cannot create the API instance because the access token is missing.; exception_trace : #0 C:\New folder\htdocs\shopping\wp-content\plugins\facebook-for-woocommerce\includes\ProductSets\ProductSetSync.php(148): WC_Facebookcommerce->get_api()
#1 C:\New folder\htdocs\shopping\wp-content\plugins\facebook-for-woocommerce\includes\ProductSets\ProductSetSync.php(235): WooCommerce\Facebook\ProductSets\ProductSetSync->get_fb_product_set_id(Object(WP_Term))
#2 C:\New folder\htdocs\shopping\wp-content\plugins\facebook-for-woocommerce\includes\ProductSets\ProductSetSync.php(110): WooCommerce\Facebook\ProductSets\ProductSetSync->sync_all_wc_product_categories()
#3 C:\New folder\htdocs\shopping\wp-includes\class-wp-hook.php(324): WooCommerce\Facebook\ProductSets\ProductSetSync->sync_all_product_sets()
#4 C:\New folder\htdocs\shopping\wp-includes\class-wp-hook.php(348): WP_Hook->apply_filters(NULL, Array)
#5 C:\New folder\htdocs\shopping\wp-includes\plugin.php(565): WP_Hook->do_action(Array)
#6 C:\New folder\htdocs\shopping\wp-content\plugins\woocommerce\packages\action-scheduler\classes\actions\ActionScheduler_Action.php(86): do_action_ref_array('facebook_for_wo...', Array)
#7 C:\New folder\htdocs\shopping\wp-content\plugins\woocommerce\packages\action-scheduler\classes\abstracts\ActionScheduler_Abstract_QueueRunner.php(102): ActionScheduler_Action->execute()
#8 C:\New folder\htdocs\shopping\wp-content\plugins\woocommerce\packages\action-scheduler\classes\ActionScheduler_QueueRunner.php(188): ActionScheduler_Abstract_QueueRunner->process_action(164, 'Async Request')
#9 C:\New folder\htdocs\shopping\wp-content\plugins\woocommerce\packages\action-scheduler\classes\ActionScheduler_QueueRunner.php(158): ActionScheduler_QueueRunner->do_batch(25, 'Async Request')
#10 C:\New folder\htdocs\shopping\wp-includes\class-wp-hook.php(324): ActionScheduler_QueueRunner->run('Async Request')
#11 C:\New folder\htdocs\shopping\wp-includes\class-wp-hook.php(348): WP_Hook->apply_filters('', Array)
#12 C:\New folder\htdocs\shopping\wp-includes\plugin.php(517): WP_Hook->do_action(Array)
#13 C:\New folder\htdocs\shopping\wp-content\plugins\woocommerce\packages\action-scheduler\classes\ActionScheduler_AsyncRequest_QueueRunner.php(48): do_action('action_schedule...', 'Async Request')
#14 C:\New folder\htdocs\shopping\wp-content\plugins\woocommerce\includes\libraries\wp-async-request.php(147): ActionScheduler_AsyncRequest_QueueRunner->handle()
#15 C:\New folder\htdocs\shopping\wp-includes\class-wp-hook.php(324): WP_Async_Request->maybe_handle('')
#16 C:\New folder\htdocs\shopping\wp-includes\class-wp-hook.php(348): WP_Hook->apply_filters('', Array)
#17 C:\New folder\htdocs\shopping\wp-includes\plugin.php(517): WP_Hook->do_action(Array)
#18 C:\New folder\htdocs\shopping\wp-admin\admin-ajax.php(207): do_action('wp_ajax_nopriv_...')
#19 {main} CONTEXT: {"_legacy":true}
2025-06-08T22:28:56+00:00 NOTICE There was an error trying to get product set data in a catalog: Cannot create the API instance because the access token is missing. CONTEXT: {"_legacy":true}
2025-06-08T22:28:56+00:00 NOTICE ProductSetSync exception: exception_code : 0; exception_class : WooCommerce\Facebook\Framework\Api\Exception: exception_message : Cannot create the API instance because the access token is missing.; exception_trace : #0 C:\New folder\htdocs\shopping\wp-content\plugins\facebook-for-woocommerce\includes\ProductSets\ProductSetSync.php(148): WC_Facebookcommerce->get_api()
#1 C:\New folder\htdocs\shopping\wp-content\plugins\facebook-for-woocommerce\includes\ProductSets\ProductSetSync.php(235): WooCommerce\Facebook\ProductSets\ProductSetSync->get_fb_product_set_id(Object(WP_Term))
#2 C:\New folder\htdocs\shopping\wp-content\plugins\facebook-for-woocommerce\includes\ProductSets\ProductSetSync.php(110): WooCommerce\Facebook\ProductSets\ProductSetSync->sync_all_wc_product_categories()
#3 C:\New folder\htdocs\shopping\wp-includes\class-wp-hook.php(324): WooCommerce\Facebook\ProductSets\ProductSetSync->sync_all_product_sets()
#4 C:\New folder\htdocs\shopping\wp-includes\class-wp-hook.php(348): WP_Hook->apply_filters(NULL, Array)
#5 C:\New folder\htdocs\shopping\wp-includes\plugin.php(565): WP_Hook->do_action(Array)
#6 C:\New folder\htdocs\shopping\wp-content\plugins\woocommerce\packages\action-scheduler\classes\actions\ActionScheduler_Action.php(86): do_action_ref_array('facebook_for_wo...', Array)
#7 C:\New folder\htdocs\shopping\wp-content\plugins\woocommerce\packages\action-scheduler\classes\abstracts\ActionScheduler_Abstract_QueueRunner.php(102): ActionScheduler_Action->execute()
#8 C:\New folder\htdocs\shopping\wp-content\plugins\woocommerce\packages\action-scheduler\classes\ActionScheduler_QueueRunner.php(188): ActionScheduler_Abstract_QueueRunner->process_action(164, 'Async Request')
#9 C:\New folder\htdocs\shopping\wp-content\plugins\woocommerce\packages\action-scheduler\classes\ActionScheduler_QueueRunner.php(158): ActionScheduler_QueueRunner->do_batch(25, 'Async Request')
#10 C:\New folder\htdocs\shopping\wp-includes\class-wp-hook.php(324): ActionScheduler_QueueRunner->run('Async Request')
#11 C:\New folder\htdocs\shopping\wp-includes\class-wp-hook.php(348): WP_Hook->apply_filters('', Array)
#12 C:\New folder\htdocs\shopping\wp-includes\plugin.php(517): WP_Hook->do_action(Array)
#13 C:\New folder\htdocs\shopping\wp-content\plugins\woocommerce\packages\action-scheduler\classes\ActionScheduler_AsyncRequest_QueueRunner.php(48): do_action('action_schedule...', 'Async Request')
#14 C:\New folder\htdocs\shopping\wp-content\plugins\woocommerce\includes\libraries\wp-async-request.php(147): ActionScheduler_AsyncRequest_QueueRunner->handle()
#15 C:\New folder\htdocs\shopping\wp-includes\class-wp-hook.php(324): WP_Async_Request->maybe_handle('')
#16 C:\New folder\htdocs\shopping\wp-includes\class-wp-hook.php(348): WP_Hook->apply_filters('', Array)
#17 C:\New folder\htdocs\shopping\wp-includes\plugin.php(517): WP_Hook->do_action(Array)
#18 C:\New folder\htdocs\shopping\wp-admin\admin-ajax.php(207): do_action('wp_ajax_nopriv_...')
#19 {main} CONTEXT: {"_legacy":true}
2025-06-08T22:28:56+00:00 NOTICE There was an error trying to get product set data in a catalog: Cannot create the API instance because the access token is missing. CONTEXT: {"_legacy":true}
2025-06-08T22:28:56+00:00 NOTICE ProductSetSync exception: exception_code : 0; exception_class : WooCommerce\Facebook\Framework\Api\Exception: exception_message : Cannot create the API instance because the access token is missing.; exception_trace : #0 C:\New folder\htdocs\shopping\wp-content\plugins\facebook-for-woocommerce\includes\ProductSets\ProductSetSync.php(148): WC_Facebookcommerce->get_api()
#1 C:\New folder\htdocs\shopping\wp-content\plugins\facebook-for-woocommerce\includes\ProductSets\ProductSetSync.php(235): WooCommerce\Facebook\ProductSets\ProductSetSync->get_fb_product_set_id(Object(WP_Term))
#2 C:\New folder\htdocs\shopping\wp-content\plugins\facebook-for-woocommerce\includes\ProductSets\ProductSetSync.php(110): WooCommerce\Facebook\ProductSets\ProductSetSync->sync_all_wc_product_categories()
#3 C:\New folder\htdocs\shopping\wp-includes\class-wp-hook.php(324): WooCommerce\Facebook\ProductSets\ProductSetSync->sync_all_product_sets()
#4 C:\New folder\htdocs\shopping\wp-includes\class-wp-hook.php(348): WP_Hook->apply_filters(NULL, Array)
#5 C:\New folder\htdocs\shopping\wp-includes\plugin.php(565): WP_Hook->do_action(Array)
#6 C:\New folder\htdocs\shopping\wp-content\plugins\woocommerce\packages\action-scheduler\classes\actions\ActionScheduler_Action.php(86): do_action_ref_array('facebook_for_wo...', Array)
#7 C:\New folder\htdocs\shopping\wp-content\plugins\woocommerce\packages\action-scheduler\classes\abstracts\ActionScheduler_Abstract_QueueRunner.php(102): ActionScheduler_Action->execute()
#8 C:\New folder\htdocs\shopping\wp-content\plugins\woocommerce\packages\action-scheduler\classes\ActionScheduler_QueueRunner.php(188): ActionScheduler_Abstract_QueueRunner->process_action(164, 'Async Request')
#9 C:\New folder\htdocs\shopping\wp-content\plugins\woocommerce\packages\action-scheduler\classes\ActionScheduler_QueueRunner.php(158): ActionScheduler_QueueRunner->do_batch(25, 'Async Request')
#10 C:\New folder\htdocs\shopping\wp-includes\class-wp-hook.php(324): ActionScheduler_QueueRunner->run('Async Request')
#11 C:\New folder\htdocs\shopping\wp-includes\class-wp-hook.php(348): WP_Hook->apply_filters('', Array)
#12 C:\New folder\htdocs\shopping\wp-includes\plugin.php(517): WP_Hook->do_action(Array)
#13 C:\New folder\htdocs\shopping\wp-content\plugins\woocommerce\packages\action-scheduler\classes\ActionScheduler_AsyncRequest_QueueRunner.php(48): do_action('action_schedule...', 'Async Request')
#14 C:\New folder\htdocs\shopping\wp-content\plugins\woocommerce\includes\libraries\wp-async-request.php(147): ActionScheduler_AsyncRequest_QueueRunner->handle()
#15 C:\New folder\htdocs\shopping\wp-includes\class-wp-hook.php(324): WP_Async_Request->maybe_handle('')
#16 C:\New folder\htdocs\shopping\wp-includes\class-wp-hook.php(348): WP_Hook->apply_filters('', Array)
#17 C:\New folder\htdocs\shopping\wp-includes\plugin.php(517): WP_Hook->do_action(Array)
#18 C:\New folder\htdocs\shopping\wp-admin\admin-ajax.php(207): do_action('wp_ajax_nopriv_...')
#19 {main} CONTEXT: {"_legacy":true}
2025-06-08T22:28:56+00:00 NOTICE There was an error trying to get product set data in a catalog: Cannot create the API instance because the access token is missing. CONTEXT: {"_legacy":true}
2025-06-08T22:28:56+00:00 NOTICE ProductSetSync exception: exception_code : 0; exception_class : WooCommerce\Facebook\Framework\Api\Exception: exception_message : Cannot create the API instance because the access token is missing.; exception_trace : #0 C:\New folder\htdocs\shopping\wp-content\plugins\facebook-for-woocommerce\includes\ProductSets\ProductSetSync.php(148): WC_Facebookcommerce->get_api()
#1 C:\New folder\htdocs\shopping\wp-content\plugins\facebook-for-woocommerce\includes\ProductSets\ProductSetSync.php(235): WooCommerce\Facebook\ProductSets\ProductSetSync->get_fb_product_set_id(Object(WP_Term))
#2 C:\New folder\htdocs\shopping\wp-content\plugins\facebook-for-woocommerce\includes\ProductSets\ProductSetSync.php(110): WooCommerce\Facebook\ProductSets\ProductSetSync->sync_all_wc_product_categories()
#3 C:\New folder\htdocs\shopping\wp-includes\class-wp-hook.php(324): WooCommerce\Facebook\ProductSets\ProductSetSync->sync_all_product_sets()
#4 C:\New folder\htdocs\shopping\wp-includes\class-wp-hook.php(348): WP_Hook->apply_filters(NULL, Array)
#5 C:\New folder\htdocs\shopping\wp-includes\plugin.php(565): WP_Hook->do_action(Array)
#6 C:\New folder\htdocs\shopping\wp-content\plugins\woocommerce\packages\action-scheduler\classes\actions\ActionScheduler_Action.php(86): do_action_ref_array('facebook_for_wo...', Array)
#7 C:\New folder\htdocs\shopping\wp-content\plugins\woocommerce\packages\action-scheduler\classes\abstracts\ActionScheduler_Abstract_QueueRunner.php(102): ActionScheduler_Action->execute()
#8 C:\New folder\htdocs\shopping\wp-content\plugins\woocommerce\packages\action-scheduler\classes\ActionScheduler_QueueRunner.php(188): ActionScheduler_Abstract_QueueRunner->process_action(164, 'Async Request')
#9 C:\New folder\htdocs\shopping\wp-content\plugins\woocommerce\packages\action-scheduler\classes\ActionScheduler_QueueRunner.php(158): ActionScheduler_QueueRunner->do_batch(25, 'Async Request')
#10 C:\New folder\htdocs\shopping\wp-includes\class-wp-hook.php(324): ActionScheduler_QueueRunner->run('Async Request')
#11 C:\New folder\htdocs\shopping\wp-includes\class-wp-hook.php(348): WP_Hook->apply_filters('', Array)
#12 C:\New folder\htdocs\shopping\wp-includes\plugin.php(517): WP_Hook->do_action(Array)
#13 C:\New folder\htdocs\shopping\wp-content\plugins\woocommerce\packages\action-scheduler\classes\ActionScheduler_AsyncRequest_QueueRunner.php(48): do_action('action_schedule...', 'Async Request')
#14 C:\New folder\htdocs\shopping\wp-content\plugins\woocommerce\includes\libraries\wp-async-request.php(147): ActionScheduler_AsyncRequest_QueueRunner->handle()
#15 C:\New folder\htdocs\shopping\wp-includes\class-wp-hook.php(324): WP_Async_Request->maybe_handle('')
#16 C:\New folder\htdocs\shopping\wp-includes\class-wp-hook.php(348): WP_Hook->apply_filters('', Array)
#17 C:\New folder\htdocs\shopping\wp-includes\plugin.php(517): WP_Hook->do_action(Array)
#18 C:\New folder\htdocs\shopping\wp-admin\admin-ajax.php(207): do_action('wp_ajax_nopriv_...')
#19 {main} CONTEXT: {"_legacy":true}
2025-06-08T23:19:05+00:00 NOTICE There was an error trying to get product set data in a catalog: Cannot create the API instance because the access token is missing. CONTEXT: {"_legacy":true}
2025-06-08T23:19:05+00:00 NOTICE ProductSetSync exception: exception_code : 0; exception_class : WooCommerce\Facebook\Framework\Api\Exception: exception_message : Cannot create the API instance because the access token is missing.; exception_trace : #0 C:\New folder\htdocs\shopping\wp-content\plugins\facebook-for-woocommerce\includes\ProductSets\ProductSetSync.php(148): WC_Facebookcommerce->get_api()
#1 C:\New folder\htdocs\shopping\wp-content\plugins\facebook-for-woocommerce\includes\ProductSets\ProductSetSync.php(67): WooCommerce\Facebook\ProductSets\ProductSetSync->get_fb_product_set_id(Object(WP_Term))
#2 C:\New folder\htdocs\shopping\wp-includes\class-wp-hook.php(324): WooCommerce\Facebook\ProductSets\ProductSetSync->on_create_or_update_product_wc_category_callback(48, 48, Array)
#3 C:\New folder\htdocs\shopping\wp-includes\class-wp-hook.php(348): WP_Hook->apply_filters(NULL, Array)
#4 C:\New folder\htdocs\shopping\wp-includes\plugin.php(517): WP_Hook->do_action(Array)
#5 C:\New folder\htdocs\shopping\wp-includes\taxonomy.php(3483): do_action('edited_product_...', 48, 48, Array)
#6 C:\New folder\htdocs\shopping\wp-admin\includes\ajax-actions.php(2200): wp_update_term(48, 'product_cat', Array)
#7 C:\New folder\htdocs\shopping\wp-includes\class-wp-hook.php(324): wp_ajax_inline_save_tax('')
#8 C:\New folder\htdocs\shopping\wp-includes\class-wp-hook.php(348): WP_Hook->apply_filters('', Array)
#9 C:\New folder\htdocs\shopping\wp-includes\plugin.php(517): WP_Hook->do_action(Array)
#10 C:\New folder\htdocs\shopping\wp-admin\admin-ajax.php(192): do_action('wp_ajax_inline-...')
#11 {main} CONTEXT: {"_legacy":true}
2025-06-08T23:19:15+00:00 NOTICE There was an error trying to get product set data in a catalog: Cannot create the API instance because the access token is missing. CONTEXT: {"_legacy":true}
2025-06-08T23:19:15+00:00 NOTICE ProductSetSync exception: exception_code : 0; exception_class : WooCommerce\Facebook\Framework\Api\Exception: exception_message : Cannot create the API instance because the access token is missing.; exception_trace : #0 C:\New folder\htdocs\shopping\wp-content\plugins\facebook-for-woocommerce\includes\ProductSets\ProductSetSync.php(148): WC_Facebookcommerce->get_api()
#1 C:\New folder\htdocs\shopping\wp-content\plugins\facebook-for-woocommerce\includes\ProductSets\ProductSetSync.php(67): WooCommerce\Facebook\ProductSets\ProductSetSync->get_fb_product_set_id(Object(WP_Term))
#2 C:\New folder\htdocs\shopping\wp-includes\class-wp-hook.php(324): WooCommerce\Facebook\ProductSets\ProductSetSync->on_create_or_update_product_wc_category_callback(48, 48, Array)
#3 C:\New folder\htdocs\shopping\wp-includes\class-wp-hook.php(348): WP_Hook->apply_filters(NULL, Array)
#4 C:\New folder\htdocs\shopping\wp-includes\plugin.php(517): WP_Hook->do_action(Array)
#5 C:\New folder\htdocs\shopping\wp-includes\taxonomy.php(3483): do_action('edited_product_...', 48, 48, Array)
#6 C:\New folder\htdocs\shopping\wp-admin\includes\ajax-actions.php(2200): wp_update_term(48, 'product_cat', Array)
#7 C:\New folder\htdocs\shopping\wp-includes\class-wp-hook.php(324): wp_ajax_inline_save_tax('')
#8 C:\New folder\htdocs\shopping\wp-includes\class-wp-hook.php(348): WP_Hook->apply_filters('', Array)
#9 C:\New folder\htdocs\shopping\wp-includes\plugin.php(517): WP_Hook->do_action(Array)
#10 C:\New folder\htdocs\shopping\wp-admin\admin-ajax.php(192): do_action('wp_ajax_inline-...')
#11 {main} CONTEXT: {"_legacy":true}
2025-06-08T23:19:31+00:00 NOTICE There was an error trying to get product set data in a catalog: Cannot create the API instance because the access token is missing. CONTEXT: {"_legacy":true}
2025-06-08T23:19:31+00:00 NOTICE ProductSetSync exception: exception_code : 0; exception_class : WooCommerce\Facebook\Framework\Api\Exception: exception_message : Cannot create the API instance because the access token is missing.; exception_trace : #0 C:\New folder\htdocs\shopping\wp-content\plugins\facebook-for-woocommerce\includes\ProductSets\ProductSetSync.php(148): WC_Facebookcommerce->get_api()
#1 C:\New folder\htdocs\shopping\wp-content\plugins\facebook-for-woocommerce\includes\ProductSets\ProductSetSync.php(67): WooCommerce\Facebook\ProductSets\ProductSetSync->get_fb_product_set_id(Object(WP_Term))
#2 C:\New folder\htdocs\shopping\wp-includes\class-wp-hook.php(324): WooCommerce\Facebook\ProductSets\ProductSetSync->on_create_or_update_product_wc_category_callback(54, 54, Array)
#3 C:\New folder\htdocs\shopping\wp-includes\class-wp-hook.php(348): WP_Hook->apply_filters(NULL, Array)
#4 C:\New folder\htdocs\shopping\wp-includes\plugin.php(517): WP_Hook->do_action(Array)
#5 C:\New folder\htdocs\shopping\wp-includes\taxonomy.php(3483): do_action('edited_product_...', 54, 54, Array)
#6 C:\New folder\htdocs\shopping\wp-admin\includes\ajax-actions.php(2200): wp_update_term(54, 'product_cat', Array)
#7 C:\New folder\htdocs\shopping\wp-includes\class-wp-hook.php(324): wp_ajax_inline_save_tax('')
#8 C:\New folder\htdocs\shopping\wp-includes\class-wp-hook.php(348): WP_Hook->apply_filters('', Array)
#9 C:\New folder\htdocs\shopping\wp-includes\plugin.php(517): WP_Hook->do_action(Array)
#10 C:\New folder\htdocs\shopping\wp-admin\admin-ajax.php(192): do_action('wp_ajax_inline-...')
#11 {main} CONTEXT: {"_legacy":true}
2025-06-08T23:19:49+00:00 NOTICE There was an error trying to get product set data in a catalog: Cannot create the API instance because the access token is missing. CONTEXT: {"_legacy":true}
2025-06-08T23:19:49+00:00 NOTICE ProductSetSync exception: exception_code : 0; exception_class : WooCommerce\Facebook\Framework\Api\Exception: exception_message : Cannot create the API instance because the access token is missing.; exception_trace : #0 C:\New folder\htdocs\shopping\wp-content\plugins\facebook-for-woocommerce\includes\ProductSets\ProductSetSync.php(148): WC_Facebookcommerce->get_api()
#1 C:\New folder\htdocs\shopping\wp-content\plugins\facebook-for-woocommerce\includes\ProductSets\ProductSetSync.php(67): WooCommerce\Facebook\ProductSets\ProductSetSync->get_fb_product_set_id(Object(WP_Term))
#2 C:\New folder\htdocs\shopping\wp-includes\class-wp-hook.php(324): WooCommerce\Facebook\ProductSets\ProductSetSync->on_create_or_update_product_wc_category_callback(60, 60, Array)
#3 C:\New folder\htdocs\shopping\wp-includes\class-wp-hook.php(348): WP_Hook->apply_filters(NULL, Array)
#4 C:\New folder\htdocs\shopping\wp-includes\plugin.php(517): WP_Hook->do_action(Array)
#5 C:\New folder\htdocs\shopping\wp-includes\taxonomy.php(3483): do_action('edited_product_...', 60, 60, Array)
#6 C:\New folder\htdocs\shopping\wp-admin\includes\ajax-actions.php(2200): wp_update_term(60, 'product_cat', Array)
#7 C:\New folder\htdocs\shopping\wp-includes\class-wp-hook.php(324): wp_ajax_inline_save_tax('')
#8 C:\New folder\htdocs\shopping\wp-includes\class-wp-hook.php(348): WP_Hook->apply_filters('', Array)
#9 C:\New folder\htdocs\shopping\wp-includes\plugin.php(517): WP_Hook->do_action(Array)
#10 C:\New folder\htdocs\shopping\wp-admin\admin-ajax.php(192): do_action('wp_ajax_inline-...')
#11 {main} CONTEXT: {"_legacy":true}
2025-06-08T23:32:35+00:00 NOTICE Unable to detect valid feed configuration: No catalog ID CONTEXT: {"_legacy":true}
2025-06-08T23:32:35+00:00 NOTICE There was an error trying to get product set data in a catalog: Cannot create the API instance because the access token is missing. CONTEXT: {"_legacy":true}
2025-06-08T23:32:35+00:00 NOTICE ProductSetSync exception: exception_code : 0; exception_class : WooCommerce\Facebook\Framework\Api\Exception: exception_message : Cannot create the API instance because the access token is missing.; exception_trace : #0 C:\New folder\htdocs\shopping\wp-content\plugins\facebook-for-woocommerce\includes\ProductSets\ProductSetSync.php(148): WC_Facebookcommerce->get_api()
#1 C:\New folder\htdocs\shopping\wp-content\plugins\facebook-for-woocommerce\includes\ProductSets\ProductSetSync.php(235): WooCommerce\Facebook\ProductSets\ProductSetSync->get_fb_product_set_id(Object(WP_Term))
#2 C:\New folder\htdocs\shopping\wp-content\plugins\facebook-for-woocommerce\includes\ProductSets\ProductSetSync.php(110): WooCommerce\Facebook\ProductSets\ProductSetSync->sync_all_wc_product_categories()
#3 C:\New folder\htdocs\shopping\wp-includes\class-wp-hook.php(324): WooCommerce\Facebook\ProductSets\ProductSetSync->sync_all_product_sets()
#4 C:\New folder\htdocs\shopping\wp-includes\class-wp-hook.php(348): WP_Hook->apply_filters(NULL, Array)
#5 C:\New folder\htdocs\shopping\wp-includes\plugin.php(565): WP_Hook->do_action(Array)
#6 C:\New folder\htdocs\shopping\wp-content\plugins\woocommerce\packages\action-scheduler\classes\actions\ActionScheduler_Action.php(86): do_action_ref_array('facebook_for_wo...', Array)
#7 C:\New folder\htdocs\shopping\wp-content\plugins\woocommerce\packages\action-scheduler\classes\abstracts\ActionScheduler_Abstract_QueueRunner.php(102): ActionScheduler_Action->execute()
#8 C:\New folder\htdocs\shopping\wp-content\plugins\woocommerce\packages\action-scheduler\classes\ActionScheduler_QueueRunner.php(188): ActionScheduler_Abstract_QueueRunner->process_action(173, 'WP Cron')
#9 C:\New folder\htdocs\shopping\wp-content\plugins\woocommerce\packages\action-scheduler\classes\ActionScheduler_QueueRunner.php(158): ActionScheduler_QueueRunner->do_batch(25, 'WP Cron')
#10 C:\New folder\htdocs\shopping\wp-includes\class-wp-hook.php(324): ActionScheduler_QueueRunner->run('WP Cron')
#11 C:\New folder\htdocs\shopping\wp-includes\class-wp-hook.php(348): WP_Hook->apply_filters('', Array)
#12 C:\New folder\htdocs\shopping\wp-includes\plugin.php(565): WP_Hook->do_action(Array)
#13 C:\New folder\htdocs\shopping\wp-cron.php(191): do_action_ref_array('action_schedule...', Array)
#14 {main} CONTEXT: {"_legacy":true}
2025-06-08T23:32:35+00:00 NOTICE There was an error trying to get product set data in a catalog: Cannot create the API instance because the access token is missing. CONTEXT: {"_legacy":true}
2025-06-08T23:32:35+00:00 NOTICE ProductSetSync exception: exception_code : 0; exception_class : WooCommerce\Facebook\Framework\Api\Exception: exception_message : Cannot create the API instance because the access token is missing.; exception_trace : #0 C:\New folder\htdocs\shopping\wp-content\plugins\facebook-for-woocommerce\includes\ProductSets\ProductSetSync.php(148): WC_Facebookcommerce->get_api()
#1 C:\New folder\htdocs\shopping\wp-content\plugins\facebook-for-woocommerce\includes\ProductSets\ProductSetSync.php(235): WooCommerce\Facebook\ProductSets\ProductSetSync->get_fb_product_set_id(Object(WP_Term))
#2 C:\New folder\htdocs\shopping\wp-content\plugins\facebook-for-woocommerce\includes\ProductSets\ProductSetSync.php(110): WooCommerce\Facebook\ProductSets\ProductSetSync->sync_all_wc_product_categories()
#3 C:\New folder\htdocs\shopping\wp-includes\class-wp-hook.php(324): WooCommerce\Facebook\ProductSets\ProductSetSync->sync_all_product_sets()
#4 C:\New folder\htdocs\shopping\wp-includes\class-wp-hook.php(348): WP_Hook->apply_filters(NULL, Array)
#5 C:\New folder\htdocs\shopping\wp-includes\plugin.php(565): WP_Hook->do_action(Array)
#6 C:\New folder\htdocs\shopping\wp-content\plugins\woocommerce\packages\action-scheduler\classes\actions\ActionScheduler_Action.php(86): do_action_ref_array('facebook_for_wo...', Array)
#7 C:\New folder\htdocs\shopping\wp-content\plugins\woocommerce\packages\action-scheduler\classes\abstracts\ActionScheduler_Abstract_QueueRunner.php(102): ActionScheduler_Action->execute()
#8 C:\New folder\htdocs\shopping\wp-content\plugins\woocommerce\packages\action-scheduler\classes\ActionScheduler_QueueRunner.php(188): ActionScheduler_Abstract_QueueRunner->process_action(173, 'WP Cron')
#9 C:\New folder\htdocs\shopping\wp-content\plugins\woocommerce\packages\action-scheduler\classes\ActionScheduler_QueueRunner.php(158): ActionScheduler_QueueRunner->do_batch(25, 'WP Cron')
#10 C:\New folder\htdocs\shopping\wp-includes\class-wp-hook.php(324): ActionScheduler_QueueRunner->run('WP Cron')
#11 C:\New folder\htdocs\shopping\wp-includes\class-wp-hook.php(348): WP_Hook->apply_filters('', Array)
#12 C:\New folder\htdocs\shopping\wp-includes\plugin.php(565): WP_Hook->do_action(Array)
#13 C:\New folder\htdocs\shopping\wp-cron.php(191): do_action_ref_array('action_schedule...', Array)
#14 {main} CONTEXT: {"_legacy":true}
2025-06-08T23:32:35+00:00 NOTICE There was an error trying to get product set data in a catalog: Cannot create the API instance because the access token is missing. CONTEXT: {"_legacy":true}
2025-06-08T23:32:35+00:00 NOTICE ProductSetSync exception: exception_code : 0; exception_class : WooCommerce\Facebook\Framework\Api\Exception: exception_message : Cannot create the API instance because the access token is missing.; exception_trace : #0 C:\New folder\htdocs\shopping\wp-content\plugins\facebook-for-woocommerce\includes\ProductSets\ProductSetSync.php(148): WC_Facebookcommerce->get_api()
#1 C:\New folder\htdocs\shopping\wp-content\plugins\facebook-for-woocommerce\includes\ProductSets\ProductSetSync.php(235): WooCommerce\Facebook\ProductSets\ProductSetSync->get_fb_product_set_id(Object(WP_Term))
#2 C:\New folder\htdocs\shopping\wp-content\plugins\facebook-for-woocommerce\includes\ProductSets\ProductSetSync.php(110): WooCommerce\Facebook\ProductSets\ProductSetSync->sync_all_wc_product_categories()
#3 C:\New folder\htdocs\shopping\wp-includes\class-wp-hook.php(324): WooCommerce\Facebook\ProductSets\ProductSetSync->sync_all_product_sets()
#4 C:\New folder\htdocs\shopping\wp-includes\class-wp-hook.php(348): WP_Hook->apply_filters(NULL, Array)
#5 C:\New folder\htdocs\shopping\wp-includes\plugin.php(565): WP_Hook->do_action(Array)
#6 C:\New folder\htdocs\shopping\wp-content\plugins\woocommerce\packages\action-scheduler\classes\actions\ActionScheduler_Action.php(86): do_action_ref_array('facebook_for_wo...', Array)
#7 C:\New folder\htdocs\shopping\wp-content\plugins\woocommerce\packages\action-scheduler\classes\abstracts\ActionScheduler_Abstract_QueueRunner.php(102): ActionScheduler_Action->execute()
#8 C:\New folder\htdocs\shopping\wp-content\plugins\woocommerce\packages\action-scheduler\classes\ActionScheduler_QueueRunner.php(188): ActionScheduler_Abstract_QueueRunner->process_action(173, 'WP Cron')
#9 C:\New folder\htdocs\shopping\wp-content\plugins\woocommerce\packages\action-scheduler\classes\ActionScheduler_QueueRunner.php(158): ActionScheduler_QueueRunner->do_batch(25, 'WP Cron')
#10 C:\New folder\htdocs\shopping\wp-includes\class-wp-hook.php(324): ActionScheduler_QueueRunner->run('WP Cron')
#11 C:\New folder\htdocs\shopping\wp-includes\class-wp-hook.php(348): WP_Hook->apply_filters('', Array)
#12 C:\New folder\htdocs\shopping\wp-includes\plugin.php(565): WP_Hook->do_action(Array)
#13 C:\New folder\htdocs\shopping\wp-cron.php(191): do_action_ref_array('action_schedule...', Array)
#14 {main} CONTEXT: {"_legacy":true}
2025-06-08T23:32:35+00:00 NOTICE There was an error trying to get product set data in a catalog: Cannot create the API instance because the access token is missing. CONTEXT: {"_legacy":true}
2025-06-08T23:32:35+00:00 NOTICE ProductSetSync exception: exception_code : 0; exception_class : WooCommerce\Facebook\Framework\Api\Exception: exception_message : Cannot create the API instance because the access token is missing.; exception_trace : #0 C:\New folder\htdocs\shopping\wp-content\plugins\facebook-for-woocommerce\includes\ProductSets\ProductSetSync.php(148): WC_Facebookcommerce->get_api()
#1 C:\New folder\htdocs\shopping\wp-content\plugins\facebook-for-woocommerce\includes\ProductSets\ProductSetSync.php(235): WooCommerce\Facebook\ProductSets\ProductSetSync->get_fb_product_set_id(Object(WP_Term))
#2 C:\New folder\htdocs\shopping\wp-content\plugins\facebook-for-woocommerce\includes\ProductSets\ProductSetSync.php(110): WooCommerce\Facebook\ProductSets\ProductSetSync->sync_all_wc_product_categories()
#3 C:\New folder\htdocs\shopping\wp-includes\class-wp-hook.php(324): WooCommerce\Facebook\ProductSets\ProductSetSync->sync_all_product_sets()
#4 C:\New folder\htdocs\shopping\wp-includes\class-wp-hook.php(348): WP_Hook->apply_filters(NULL, Array)
#5 C:\New folder\htdocs\shopping\wp-includes\plugin.php(565): WP_Hook->do_action(Array)
#6 C:\New folder\htdocs\shopping\wp-content\plugins\woocommerce\packages\action-scheduler\classes\actions\ActionScheduler_Action.php(86): do_action_ref_array('facebook_for_wo...', Array)
#7 C:\New folder\htdocs\shopping\wp-content\plugins\woocommerce\packages\action-scheduler\classes\abstracts\ActionScheduler_Abstract_QueueRunner.php(102): ActionScheduler_Action->execute()
#8 C:\New folder\htdocs\shopping\wp-content\plugins\woocommerce\packages\action-scheduler\classes\ActionScheduler_QueueRunner.php(188): ActionScheduler_Abstract_QueueRunner->process_action(173, 'WP Cron')
#9 C:\New folder\htdocs\shopping\wp-content\plugins\woocommerce\packages\action-scheduler\classes\ActionScheduler_QueueRunner.php(158): ActionScheduler_QueueRunner->do_batch(25, 'WP Cron')
#10 C:\New folder\htdocs\shopping\wp-includes\class-wp-hook.php(324): ActionScheduler_QueueRunner->run('WP Cron')
#11 C:\New folder\htdocs\shopping\wp-includes\class-wp-hook.php(348): WP_Hook->apply_filters('', Array)
#12 C:\New folder\htdocs\shopping\wp-includes\plugin.php(565): WP_Hook->do_action(Array)
#13 C:\New folder\htdocs\shopping\wp-cron.php(191): do_action_ref_array('action_schedule...', Array)
#14 {main} CONTEXT: {"_legacy":true}
2025-06-08T23:32:35+00:00 NOTICE There was an error trying to get product set data in a catalog: Cannot create the API instance because the access token is missing. CONTEXT: {"_legacy":true}
2025-06-08T23:32:35+00:00 NOTICE ProductSetSync exception: exception_code : 0; exception_class : WooCommerce\Facebook\Framework\Api\Exception: exception_message : Cannot create the API instance because the access token is missing.; exception_trace : #0 C:\New folder\htdocs\shopping\wp-content\plugins\facebook-for-woocommerce\includes\ProductSets\ProductSetSync.php(148): WC_Facebookcommerce->get_api()
#1 C:\New folder\htdocs\shopping\wp-content\plugins\facebook-for-woocommerce\includes\ProductSets\ProductSetSync.php(235): WooCommerce\Facebook\ProductSets\ProductSetSync->get_fb_product_set_id(Object(WP_Term))
#2 C:\New folder\htdocs\shopping\wp-content\plugins\facebook-for-woocommerce\includes\ProductSets\ProductSetSync.php(110): WooCommerce\Facebook\ProductSets\ProductSetSync->sync_all_wc_product_categories()
#3 C:\New folder\htdocs\shopping\wp-includes\class-wp-hook.php(324): WooCommerce\Facebook\ProductSets\ProductSetSync->sync_all_product_sets()
#4 C:\New folder\htdocs\shopping\wp-includes\class-wp-hook.php(348): WP_Hook->apply_filters(NULL, Array)
#5 C:\New folder\htdocs\shopping\wp-includes\plugin.php(565): WP_Hook->do_action(Array)
#6 C:\New folder\htdocs\shopping\wp-content\plugins\woocommerce\packages\action-scheduler\classes\actions\ActionScheduler_Action.php(86): do_action_ref_array('facebook_for_wo...', Array)
#7 C:\New folder\htdocs\shopping\wp-content\plugins\woocommerce\packages\action-scheduler\classes\abstracts\ActionScheduler_Abstract_QueueRunner.php(102): ActionScheduler_Action->execute()
#8 C:\New folder\htdocs\shopping\wp-content\plugins\woocommerce\packages\action-scheduler\classes\ActionScheduler_QueueRunner.php(188): ActionScheduler_Abstract_QueueRunner->process_action(173, 'WP Cron')
#9 C:\New folder\htdocs\shopping\wp-content\plugins\woocommerce\packages\action-scheduler\classes\ActionScheduler_QueueRunner.php(158): ActionScheduler_QueueRunner->do_batch(25, 'WP Cron')
#10 C:\New folder\htdocs\shopping\wp-includes\class-wp-hook.php(324): ActionScheduler_QueueRunner->run('WP Cron')
#11 C:\New folder\htdocs\shopping\wp-includes\class-wp-hook.php(348): WP_Hook->apply_filters('', Array)
#12 C:\New folder\htdocs\shopping\wp-includes\plugin.php(565): WP_Hook->do_action(Array)
#13 C:\New folder\htdocs\shopping\wp-cron.php(191): do_action_ref_array('action_schedule...', Array)
#14 {main} CONTEXT: {"_legacy":true}
2025-06-08T23:32:35+00:00 NOTICE There was an error trying to get product set data in a catalog: Cannot create the API instance because the access token is missing. CONTEXT: {"_legacy":true}
2025-06-08T23:32:35+00:00 NOTICE ProductSetSync exception: exception_code : 0; exception_class : WooCommerce\Facebook\Framework\Api\Exception: exception_message : Cannot create the API instance because the access token is missing.; exception_trace : #0 C:\New folder\htdocs\shopping\wp-content\plugins\facebook-for-woocommerce\includes\ProductSets\ProductSetSync.php(148): WC_Facebookcommerce->get_api()
#1 C:\New folder\htdocs\shopping\wp-content\plugins\facebook-for-woocommerce\includes\ProductSets\ProductSetSync.php(235): WooCommerce\Facebook\ProductSets\ProductSetSync->get_fb_product_set_id(Object(WP_Term))
#2 C:\New folder\htdocs\shopping\wp-content\plugins\facebook-for-woocommerce\includes\ProductSets\ProductSetSync.php(110): WooCommerce\Facebook\ProductSets\ProductSetSync->sync_all_wc_product_categories()
#3 C:\New folder\htdocs\shopping\wp-includes\class-wp-hook.php(324): WooCommerce\Facebook\ProductSets\ProductSetSync->sync_all_product_sets()
#4 C:\New folder\htdocs\shopping\wp-includes\class-wp-hook.php(348): WP_Hook->apply_filters(NULL, Array)
#5 C:\New folder\htdocs\shopping\wp-includes\plugin.php(565): WP_Hook->do_action(Array)
#6 C:\New folder\htdocs\shopping\wp-content\plugins\woocommerce\packages\action-scheduler\classes\actions\ActionScheduler_Action.php(86): do_action_ref_array('facebook_for_wo...', Array)
#7 C:\New folder\htdocs\shopping\wp-content\plugins\woocommerce\packages\action-scheduler\classes\abstracts\ActionScheduler_Abstract_QueueRunner.php(102): ActionScheduler_Action->execute()
#8 C:\New folder\htdocs\shopping\wp-content\plugins\woocommerce\packages\action-scheduler\classes\ActionScheduler_QueueRunner.php(188): ActionScheduler_Abstract_QueueRunner->process_action(173, 'WP Cron')
#9 C:\New folder\htdocs\shopping\wp-content\plugins\woocommerce\packages\action-scheduler\classes\ActionScheduler_QueueRunner.php(158): ActionScheduler_QueueRunner->do_batch(25, 'WP Cron')
#10 C:\New folder\htdocs\shopping\wp-includes\class-wp-hook.php(324): ActionScheduler_QueueRunner->run('WP Cron')
#11 C:\New folder\htdocs\shopping\wp-includes\class-wp-hook.php(348): WP_Hook->apply_filters('', Array)
#12 C:\New folder\htdocs\shopping\wp-includes\plugin.php(565): WP_Hook->do_action(Array)
#13 C:\New folder\htdocs\shopping\wp-cron.php(191): do_action_ref_array('action_schedule...', Array)
#14 {main} CONTEXT: {"_legacy":true}
2025-06-08T23:32:35+00:00 NOTICE There was an error trying to get product set data in a catalog: Cannot create the API instance because the access token is missing. CONTEXT: {"_legacy":true}
2025-06-08T23:32:35+00:00 NOTICE ProductSetSync exception: exception_code : 0; exception_class : WooCommerce\Facebook\Framework\Api\Exception: exception_message : Cannot create the API instance because the access token is missing.; exception_trace : #0 C:\New folder\htdocs\shopping\wp-content\plugins\facebook-for-woocommerce\includes\ProductSets\ProductSetSync.php(148): WC_Facebookcommerce->get_api()
#1 C:\New folder\htdocs\shopping\wp-content\plugins\facebook-for-woocommerce\includes\ProductSets\ProductSetSync.php(235): WooCommerce\Facebook\ProductSets\ProductSetSync->get_fb_product_set_id(Object(WP_Term))
#2 C:\New folder\htdocs\shopping\wp-content\plugins\facebook-for-woocommerce\includes\ProductSets\ProductSetSync.php(110): WooCommerce\Facebook\ProductSets\ProductSetSync->sync_all_wc_product_categories()
#3 C:\New folder\htdocs\shopping\wp-includes\class-wp-hook.php(324): WooCommerce\Facebook\ProductSets\ProductSetSync->sync_all_product_sets()
#4 C:\New folder\htdocs\shopping\wp-includes\class-wp-hook.php(348): WP_Hook->apply_filters(NULL, Array)
#5 C:\New folder\htdocs\shopping\wp-includes\plugin.php(565): WP_Hook->do_action(Array)
#6 C:\New folder\htdocs\shopping\wp-content\plugins\woocommerce\packages\action-scheduler\classes\actions\ActionScheduler_Action.php(86): do_action_ref_array('facebook_for_wo...', Array)
#7 C:\New folder\htdocs\shopping\wp-content\plugins\woocommerce\packages\action-scheduler\classes\abstracts\ActionScheduler_Abstract_QueueRunner.php(102): ActionScheduler_Action->execute()
#8 C:\New folder\htdocs\shopping\wp-content\plugins\woocommerce\packages\action-scheduler\classes\ActionScheduler_QueueRunner.php(188): ActionScheduler_Abstract_QueueRunner->process_action(173, 'WP Cron')
#9 C:\New folder\htdocs\shopping\wp-content\plugins\woocommerce\packages\action-scheduler\classes\ActionScheduler_QueueRunner.php(158): ActionScheduler_QueueRunner->do_batch(25, 'WP Cron')
#10 C:\New folder\htdocs\shopping\wp-includes\class-wp-hook.php(324): ActionScheduler_QueueRunner->run('WP Cron')
#11 C:\New folder\htdocs\shopping\wp-includes\class-wp-hook.php(348): WP_Hook->apply_filters('', Array)
#12 C:\New folder\htdocs\shopping\wp-includes\plugin.php(565): WP_Hook->do_action(Array)
#13 C:\New folder\htdocs\shopping\wp-cron.php(191): do_action_ref_array('action_schedule...', Array)
#14 {main} CONTEXT: {"_legacy":true}
2025-06-08T23:56:26+00:00 NOTICE There was an error trying sync products using the Catalog Batch API for job 92b708c78dfc0cfb03f504036ce02577: Cannot create the API instance because the access token is missing. CONTEXT: {"_legacy":true}
