2025-05-21T23:34:57+00:00 NOTICE Unable to detect valid feed configuration: No catalog ID CONTEXT: {"_legacy":true}
2025-05-21T23:34:57+00:00 NOTICE There was an error trying to get product set data in a catalog: Cannot create the API instance because the access token is missing. CONTEXT: {"_legacy":true}
2025-05-21T23:34:57+00:00 NOTICE ProductSetSync exception: exception_code : 0; exception_class : WooCommerce\Facebook\Framework\Api\Exception: exception_message : Cannot create the API instance because the access token is missing.; exception_trace : #0 C:\New folder\htdocs\shopping\wp-content\plugins\facebook-for-woocommerce\includes\ProductSets\ProductSetSync.php(148): WC_Facebookcommerce->get_api()
#1 C:\New folder\htdocs\shopping\wp-content\plugins\facebook-for-woocommerce\includes\ProductSets\ProductSetSync.php(235): WooCommerce\Facebook\ProductSets\ProductSetSync->get_fb_product_set_id(Object(WP_Term))
#2 C:\New folder\htdocs\shopping\wp-content\plugins\facebook-for-woocommerce\includes\ProductSets\ProductSetSync.php(110): WooCommerce\Facebook\ProductSets\ProductSetSync->sync_all_wc_product_categories()
#3 C:\New folder\htdocs\shopping\wp-includes\class-wp-hook.php(324): WooCommerce\Facebook\ProductSets\ProductSetSync->sync_all_product_sets()
#4 C:\New folder\htdocs\shopping\wp-includes\class-wp-hook.php(348): WP_Hook->apply_filters(NULL, Array)
#5 C:\New folder\htdocs\shopping\wp-includes\plugin.php(565): WP_Hook->do_action(Array)
#6 C:\New folder\htdocs\shopping\wp-content\plugins\seo-by-rank-math\vendor\woocommerce\action-scheduler\classes\actions\ActionScheduler_Action.php(86): do_action_ref_array('facebook_for_wo...', Array)
#7 C:\New folder\htdocs\shopping\wp-content\plugins\seo-by-rank-math\vendor\woocommerce\action-scheduler\classes\abstracts\ActionScheduler_Abstract_QueueRunner.php(102): ActionScheduler_Action->execute()
#8 C:\New folder\htdocs\shopping\wp-content\plugins\seo-by-rank-math\vendor\woocommerce\action-scheduler\classes\ActionScheduler_QueueRunner.php(188): ActionScheduler_Abstract_QueueRunner->process_action(15, 'WP Cron')
#9 C:\New folder\htdocs\shopping\wp-content\plugins\seo-by-rank-math\vendor\woocommerce\action-scheduler\classes\ActionScheduler_QueueRunner.php(158): ActionScheduler_QueueRunner->do_batch(25, 'WP Cron')
#10 C:\New folder\htdocs\shopping\wp-includes\class-wp-hook.php(324): ActionScheduler_QueueRunner->run('WP Cron')
#11 C:\New folder\htdocs\shopping\wp-includes\class-wp-hook.php(348): WP_Hook->apply_filters('', Array)
#12 C:\New folder\htdocs\shopping\wp-includes\plugin.php(565): WP_Hook->do_action(Array)
#13 C:\New folder\htdocs\shopping\wp-cron.php(191): do_action_ref_array('action_schedule...', Array)
#14 {main} CONTEXT: {"_legacy":true}
2025-05-21T23:34:57+00:00 NOTICE Unable to detect valid feed configuration: No catalog ID CONTEXT: {"_legacy":true}
2025-05-21T23:34:57+00:00 NOTICE There was an error trying to get product set data in a catalog: Cannot create the API instance because the access token is missing. CONTEXT: {"_legacy":true}
2025-05-21T23:34:57+00:00 NOTICE ProductSetSync exception: exception_code : 0; exception_class : WooCommerce\Facebook\Framework\Api\Exception: exception_message : Cannot create the API instance because the access token is missing.; exception_trace : #0 C:\New folder\htdocs\shopping\wp-content\plugins\facebook-for-woocommerce\includes\ProductSets\ProductSetSync.php(148): WC_Facebookcommerce->get_api()
#1 C:\New folder\htdocs\shopping\wp-content\plugins\facebook-for-woocommerce\includes\ProductSets\ProductSetSync.php(235): WooCommerce\Facebook\ProductSets\ProductSetSync->get_fb_product_set_id(Object(WP_Term))
#2 C:\New folder\htdocs\shopping\wp-content\plugins\facebook-for-woocommerce\includes\ProductSets\ProductSetSync.php(110): WooCommerce\Facebook\ProductSets\ProductSetSync->sync_all_wc_product_categories()
#3 C:\New folder\htdocs\shopping\wp-includes\class-wp-hook.php(324): WooCommerce\Facebook\ProductSets\ProductSetSync->sync_all_product_sets()
#4 C:\New folder\htdocs\shopping\wp-includes\class-wp-hook.php(348): WP_Hook->apply_filters(NULL, Array)
#5 C:\New folder\htdocs\shopping\wp-includes\plugin.php(565): WP_Hook->do_action(Array)
#6 C:\New folder\htdocs\shopping\wp-content\plugins\seo-by-rank-math\vendor\woocommerce\action-scheduler\classes\actions\ActionScheduler_Action.php(86): do_action_ref_array('facebook_for_wo...', Array)
#7 C:\New folder\htdocs\shopping\wp-content\plugins\seo-by-rank-math\vendor\woocommerce\action-scheduler\classes\abstracts\ActionScheduler_Abstract_QueueRunner.php(102): ActionScheduler_Action->execute()
#8 C:\New folder\htdocs\shopping\wp-content\plugins\seo-by-rank-math\vendor\woocommerce\action-scheduler\classes\ActionScheduler_QueueRunner.php(188): ActionScheduler_Abstract_QueueRunner->process_action(17, 'WP Cron')
#9 C:\New folder\htdocs\shopping\wp-content\plugins\seo-by-rank-math\vendor\woocommerce\action-scheduler\classes\ActionScheduler_QueueRunner.php(158): ActionScheduler_QueueRunner->do_batch(25, 'WP Cron')
#10 C:\New folder\htdocs\shopping\wp-includes\class-wp-hook.php(324): ActionScheduler_QueueRunner->run('WP Cron')
#11 C:\New folder\htdocs\shopping\wp-includes\class-wp-hook.php(348): WP_Hook->apply_filters('', Array)
#12 C:\New folder\htdocs\shopping\wp-includes\plugin.php(565): WP_Hook->do_action(Array)
#13 C:\New folder\htdocs\shopping\wp-cron.php(191): do_action_ref_array('action_schedule...', Array)
#14 {main} CONTEXT: {"_legacy":true}
2025-05-21T23:46:16+00:00 NOTICE There was an error trying to get product set data in a catalog: Cannot create the API instance because the access token is missing. CONTEXT: {"_legacy":true}
2025-05-21T23:46:16+00:00 NOTICE ProductSetSync exception: exception_code : 0; exception_class : WooCommerce\Facebook\Framework\Api\Exception: exception_message : Cannot create the API instance because the access token is missing.; exception_trace : #0 C:\New folder\htdocs\shopping\wp-content\plugins\facebook-for-woocommerce\includes\ProductSets\ProductSetSync.php(148): WC_Facebookcommerce->get_api()
#1 C:\New folder\htdocs\shopping\wp-content\plugins\facebook-for-woocommerce\includes\ProductSets\ProductSetSync.php(67): WooCommerce\Facebook\ProductSets\ProductSetSync->get_fb_product_set_id(Object(WP_Term))
#2 C:\New folder\htdocs\shopping\wp-includes\class-wp-hook.php(324): WooCommerce\Facebook\ProductSets\ProductSetSync->on_create_or_update_product_wc_category_callback(17, 17, Array)
#3 C:\New folder\htdocs\shopping\wp-includes\class-wp-hook.php(348): WP_Hook->apply_filters('', Array)
#4 C:\New folder\htdocs\shopping\wp-includes\plugin.php(517): WP_Hook->do_action(Array)
#5 C:\New folder\htdocs\shopping\wp-includes\taxonomy.php(2680): do_action('create_product_...', 17, 17, Array)
#6 C:\New folder\htdocs\shopping\wp-content\plugins\kadence-starter-templates\wxr-importer\WXRImporter.php(1784): wp_insert_term('mug', 'product_cat', Array)
#7 C:\New folder\htdocs\shopping\wp-content\plugins\kadence-starter-templates\wxr-importer\WXRImporter.php(472): AwesomeMotive\WPContentImporter2\WXRImporter->process_term(Array, Array)
#8 C:\New folder\htdocs\shopping\wp-content\plugins\kadence-starter-templates\inc\class-importer.php(106): AwesomeMotive\WPContentImporter2\WXRImporter->import('C:\\New folder\\h...')
#9 C:\New folder\htdocs\shopping\wp-content\plugins\kadence-starter-templates\inc\class-importer.php(205): KadenceWP\KadenceStarterTemplates\Importer->import('C:\\New folder\\h...')
#10 C:\New folder\htdocs\shopping\wp-content\plugins\kadence-starter-templates\class-kadence-starter-templates.php(2608): KadenceWP\KadenceStarterTemplates\Importer->import_content('C:\\New folder\\h...')
#11 C:\New folder\htdocs\shopping\wp-includes\class-wp-hook.php(324): KadenceWP\KadenceStarterTemplates\Starter_Templates->import_demo_data_ajax_callback('')
#12 C:\New folder\htdocs\shopping\wp-includes\class-wp-hook.php(348): WP_Hook->apply_filters('', Array)
#13 C:\New folder\htdocs\shopping\wp-includes\plugin.php(517): WP_Hook->do_action(Array)
#14 C:\New folder\htdocs\shopping\wp-admin\admin-ajax.php(192): do_action('wp_ajax_kadence...')
#15 {main} CONTEXT: {"_legacy":true}
2025-05-21T23:46:16+00:00 NOTICE There was an error trying to get product set data in a catalog: Cannot create the API instance because the access token is missing. CONTEXT: {"_legacy":true}
2025-05-21T23:46:16+00:00 NOTICE ProductSetSync exception: exception_code : 0; exception_class : WooCommerce\Facebook\Framework\Api\Exception: exception_message : Cannot create the API instance because the access token is missing.; exception_trace : #0 C:\New folder\htdocs\shopping\wp-content\plugins\facebook-for-woocommerce\includes\ProductSets\ProductSetSync.php(148): WC_Facebookcommerce->get_api()
#1 C:\New folder\htdocs\shopping\wp-content\plugins\facebook-for-woocommerce\includes\ProductSets\ProductSetSync.php(67): WooCommerce\Facebook\ProductSets\ProductSetSync->get_fb_product_set_id(Object(WP_Term))
#2 C:\New folder\htdocs\shopping\wp-includes\class-wp-hook.php(324): WooCommerce\Facebook\ProductSets\ProductSetSync->on_create_or_update_product_wc_category_callback(19, 19, Array)
#3 C:\New folder\htdocs\shopping\wp-includes\class-wp-hook.php(348): WP_Hook->apply_filters('', Array)
#4 C:\New folder\htdocs\shopping\wp-includes\plugin.php(517): WP_Hook->do_action(Array)
#5 C:\New folder\htdocs\shopping\wp-includes\taxonomy.php(2680): do_action('create_product_...', 19, 19, Array)
#6 C:\New folder\htdocs\shopping\wp-content\plugins\kadence-starter-templates\wxr-importer\WXRImporter.php(1784): wp_insert_term('tshirts', 'product_cat', Array)
#7 C:\New folder\htdocs\shopping\wp-content\plugins\kadence-starter-templates\wxr-importer\WXRImporter.php(472): AwesomeMotive\WPContentImporter2\WXRImporter->process_term(Array, Array)
#8 C:\New folder\htdocs\shopping\wp-content\plugins\kadence-starter-templates\inc\class-importer.php(106): AwesomeMotive\WPContentImporter2\WXRImporter->import('C:\\New folder\\h...')
#9 C:\New folder\htdocs\shopping\wp-content\plugins\kadence-starter-templates\inc\class-importer.php(205): KadenceWP\KadenceStarterTemplates\Importer->import('C:\\New folder\\h...')
#10 C:\New folder\htdocs\shopping\wp-content\plugins\kadence-starter-templates\class-kadence-starter-templates.php(2608): KadenceWP\KadenceStarterTemplates\Importer->import_content('C:\\New folder\\h...')
#11 C:\New folder\htdocs\shopping\wp-includes\class-wp-hook.php(324): KadenceWP\KadenceStarterTemplates\Starter_Templates->import_demo_data_ajax_callback('')
#12 C:\New folder\htdocs\shopping\wp-includes\class-wp-hook.php(348): WP_Hook->apply_filters('', Array)
#13 C:\New folder\htdocs\shopping\wp-includes\plugin.php(517): WP_Hook->do_action(Array)
#14 C:\New folder\htdocs\shopping\wp-admin\admin-ajax.php(192): do_action('wp_ajax_kadence...')
#15 {main} CONTEXT: {"_legacy":true}
2025-05-21T23:46:16+00:00 NOTICE There was an error trying to get product set data in a catalog: Cannot create the API instance because the access token is missing. CONTEXT: {"_legacy":true}
2025-05-21T23:46:16+00:00 NOTICE ProductSetSync exception: exception_code : 0; exception_class : WooCommerce\Facebook\Framework\Api\Exception: exception_message : Cannot create the API instance because the access token is missing.; exception_trace : #0 C:\New folder\htdocs\shopping\wp-content\plugins\facebook-for-woocommerce\includes\ProductSets\ProductSetSync.php(148): WC_Facebookcommerce->get_api()
#1 C:\New folder\htdocs\shopping\wp-content\plugins\facebook-for-woocommerce\includes\ProductSets\ProductSetSync.php(67): WooCommerce\Facebook\ProductSets\ProductSetSync->get_fb_product_set_id(Object(WP_Term))
#2 C:\New folder\htdocs\shopping\wp-includes\class-wp-hook.php(324): WooCommerce\Facebook\ProductSets\ProductSetSync->on_create_or_update_product_wc_category_callback(20, 20, Array)
#3 C:\New folder\htdocs\shopping\wp-includes\class-wp-hook.php(348): WP_Hook->apply_filters('', Array)
#4 C:\New folder\htdocs\shopping\wp-includes\plugin.php(517): WP_Hook->do_action(Array)
#5 C:\New folder\htdocs\shopping\wp-includes\taxonomy.php(2680): do_action('create_product_...', 20, 20, Array)
#6 C:\New folder\htdocs\shopping\wp-content\plugins\kadence-starter-templates\wxr-importer\WXRImporter.php(1784): wp_insert_term('Uncategorized', 'product_cat', Array)
#7 C:\New folder\htdocs\shopping\wp-content\plugins\kadence-starter-templates\wxr-importer\WXRImporter.php(472): AwesomeMotive\WPContentImporter2\WXRImporter->process_term(Array, Array)
#8 C:\New folder\htdocs\shopping\wp-content\plugins\kadence-starter-templates\inc\class-importer.php(106): AwesomeMotive\WPContentImporter2\WXRImporter->import('C:\\New folder\\h...')
#9 C:\New folder\htdocs\shopping\wp-content\plugins\kadence-starter-templates\inc\class-importer.php(205): KadenceWP\KadenceStarterTemplates\Importer->import('C:\\New folder\\h...')
#10 C:\New folder\htdocs\shopping\wp-content\plugins\kadence-starter-templates\class-kadence-starter-templates.php(2608): KadenceWP\KadenceStarterTemplates\Importer->import_content('C:\\New folder\\h...')
#11 C:\New folder\htdocs\shopping\wp-includes\class-wp-hook.php(324): KadenceWP\KadenceStarterTemplates\Starter_Templates->import_demo_data_ajax_callback('')
#12 C:\New folder\htdocs\shopping\wp-includes\class-wp-hook.php(348): WP_Hook->apply_filters('', Array)
#13 C:\New folder\htdocs\shopping\wp-includes\plugin.php(517): WP_Hook->do_action(Array)
#14 C:\New folder\htdocs\shopping\wp-admin\admin-ajax.php(192): do_action('wp_ajax_kadence...')
#15 {main} CONTEXT: {"_legacy":true}
