2025-06-04T20:38:16+00:00 NOTICE Unable to detect valid feed configuration: No catalog ID CONTEXT: {"_legacy":true}
2025-06-04T20:38:16+00:00 NOTICE There was an error trying to get product set data in a catalog: Cannot create the API instance because the access token is missing. CONTEXT: {"_legacy":true}
2025-06-04T20:38:16+00:00 NOTICE ProductSetSync exception: exception_code : 0; exception_class : WooCommerce\Facebook\Framework\Api\Exception: exception_message : Cannot create the API instance because the access token is missing.; exception_trace : #0 C:\New folder\htdocs\shopping\wp-content\plugins\facebook-for-woocommerce\includes\ProductSets\ProductSetSync.php(148): WC_Facebookcommerce->get_api()
#1 C:\New folder\htdocs\shopping\wp-content\plugins\facebook-for-woocommerce\includes\ProductSets\ProductSetSync.php(235): WooCommerce\Facebook\ProductSets\ProductSetSync->get_fb_product_set_id(Object(WP_Term))
#2 C:\New folder\htdocs\shopping\wp-content\plugins\facebook-for-woocommerce\includes\ProductSets\ProductSetSync.php(110): WooCommerce\Facebook\ProductSets\ProductSetSync->sync_all_wc_product_categories()
#3 C:\New folder\htdocs\shopping\wp-includes\class-wp-hook.php(324): WooCommerce\Facebook\ProductSets\ProductSetSync->sync_all_product_sets()
#4 C:\New folder\htdocs\shopping\wp-includes\class-wp-hook.php(348): WP_Hook->apply_filters(NULL, Array)
#5 C:\New folder\htdocs\shopping\wp-includes\plugin.php(565): WP_Hook->do_action(Array)
#6 C:\New folder\htdocs\shopping\wp-content\plugins\seo-by-rank-math\vendor\woocommerce\action-scheduler\classes\actions\ActionScheduler_Action.php(86): do_action_ref_array('facebook_for_wo...', Array)
#7 C:\New folder\htdocs\shopping\wp-content\plugins\seo-by-rank-math\vendor\woocommerce\action-scheduler\classes\abstracts\ActionScheduler_Abstract_QueueRunner.php(102): ActionScheduler_Action->execute()
#8 C:\New folder\htdocs\shopping\wp-content\plugins\seo-by-rank-math\vendor\woocommerce\action-scheduler\classes\ActionScheduler_QueueRunner.php(188): ActionScheduler_Abstract_QueueRunner->process_action(97, 'WP Cron')
#9 C:\New folder\htdocs\shopping\wp-content\plugins\seo-by-rank-math\vendor\woocommerce\action-scheduler\classes\ActionScheduler_QueueRunner.php(158): ActionScheduler_QueueRunner->do_batch(25, 'WP Cron')
#10 C:\New folder\htdocs\shopping\wp-includes\class-wp-hook.php(324): ActionScheduler_QueueRunner->run('WP Cron')
#11 C:\New folder\htdocs\shopping\wp-includes\class-wp-hook.php(348): WP_Hook->apply_filters('', Array)
#12 C:\New folder\htdocs\shopping\wp-includes\plugin.php(565): WP_Hook->do_action(Array)
#13 C:\New folder\htdocs\shopping\wp-cron.php(191): do_action_ref_array('action_schedule...', Array)
#14 {main} CONTEXT: {"_legacy":true}
2025-06-04T20:38:16+00:00 NOTICE There was an error trying to get product set data in a catalog: Cannot create the API instance because the access token is missing. CONTEXT: {"_legacy":true}
2025-06-04T20:38:16+00:00 NOTICE ProductSetSync exception: exception_code : 0; exception_class : WooCommerce\Facebook\Framework\Api\Exception: exception_message : Cannot create the API instance because the access token is missing.; exception_trace : #0 C:\New folder\htdocs\shopping\wp-content\plugins\facebook-for-woocommerce\includes\ProductSets\ProductSetSync.php(148): WC_Facebookcommerce->get_api()
#1 C:\New folder\htdocs\shopping\wp-content\plugins\facebook-for-woocommerce\includes\ProductSets\ProductSetSync.php(235): WooCommerce\Facebook\ProductSets\ProductSetSync->get_fb_product_set_id(Object(WP_Term))
#2 C:\New folder\htdocs\shopping\wp-content\plugins\facebook-for-woocommerce\includes\ProductSets\ProductSetSync.php(110): WooCommerce\Facebook\ProductSets\ProductSetSync->sync_all_wc_product_categories()
#3 C:\New folder\htdocs\shopping\wp-includes\class-wp-hook.php(324): WooCommerce\Facebook\ProductSets\ProductSetSync->sync_all_product_sets()
#4 C:\New folder\htdocs\shopping\wp-includes\class-wp-hook.php(348): WP_Hook->apply_filters(NULL, Array)
#5 C:\New folder\htdocs\shopping\wp-includes\plugin.php(565): WP_Hook->do_action(Array)
#6 C:\New folder\htdocs\shopping\wp-content\plugins\seo-by-rank-math\vendor\woocommerce\action-scheduler\classes\actions\ActionScheduler_Action.php(86): do_action_ref_array('facebook_for_wo...', Array)
#7 C:\New folder\htdocs\shopping\wp-content\plugins\seo-by-rank-math\vendor\woocommerce\action-scheduler\classes\abstracts\ActionScheduler_Abstract_QueueRunner.php(102): ActionScheduler_Action->execute()
#8 C:\New folder\htdocs\shopping\wp-content\plugins\seo-by-rank-math\vendor\woocommerce\action-scheduler\classes\ActionScheduler_QueueRunner.php(188): ActionScheduler_Abstract_QueueRunner->process_action(97, 'WP Cron')
#9 C:\New folder\htdocs\shopping\wp-content\plugins\seo-by-rank-math\vendor\woocommerce\action-scheduler\classes\ActionScheduler_QueueRunner.php(158): ActionScheduler_QueueRunner->do_batch(25, 'WP Cron')
#10 C:\New folder\htdocs\shopping\wp-includes\class-wp-hook.php(324): ActionScheduler_QueueRunner->run('WP Cron')
#11 C:\New folder\htdocs\shopping\wp-includes\class-wp-hook.php(348): WP_Hook->apply_filters('', Array)
#12 C:\New folder\htdocs\shopping\wp-includes\plugin.php(565): WP_Hook->do_action(Array)
#13 C:\New folder\htdocs\shopping\wp-cron.php(191): do_action_ref_array('action_schedule...', Array)
#14 {main} CONTEXT: {"_legacy":true}
2025-06-04T20:38:16+00:00 NOTICE There was an error trying to get product set data in a catalog: Cannot create the API instance because the access token is missing. CONTEXT: {"_legacy":true}
2025-06-04T20:38:16+00:00 NOTICE ProductSetSync exception: exception_code : 0; exception_class : WooCommerce\Facebook\Framework\Api\Exception: exception_message : Cannot create the API instance because the access token is missing.; exception_trace : #0 C:\New folder\htdocs\shopping\wp-content\plugins\facebook-for-woocommerce\includes\ProductSets\ProductSetSync.php(148): WC_Facebookcommerce->get_api()
#1 C:\New folder\htdocs\shopping\wp-content\plugins\facebook-for-woocommerce\includes\ProductSets\ProductSetSync.php(235): WooCommerce\Facebook\ProductSets\ProductSetSync->get_fb_product_set_id(Object(WP_Term))
#2 C:\New folder\htdocs\shopping\wp-content\plugins\facebook-for-woocommerce\includes\ProductSets\ProductSetSync.php(110): WooCommerce\Facebook\ProductSets\ProductSetSync->sync_all_wc_product_categories()
#3 C:\New folder\htdocs\shopping\wp-includes\class-wp-hook.php(324): WooCommerce\Facebook\ProductSets\ProductSetSync->sync_all_product_sets()
#4 C:\New folder\htdocs\shopping\wp-includes\class-wp-hook.php(348): WP_Hook->apply_filters(NULL, Array)
#5 C:\New folder\htdocs\shopping\wp-includes\plugin.php(565): WP_Hook->do_action(Array)
#6 C:\New folder\htdocs\shopping\wp-content\plugins\seo-by-rank-math\vendor\woocommerce\action-scheduler\classes\actions\ActionScheduler_Action.php(86): do_action_ref_array('facebook_for_wo...', Array)
#7 C:\New folder\htdocs\shopping\wp-content\plugins\seo-by-rank-math\vendor\woocommerce\action-scheduler\classes\abstracts\ActionScheduler_Abstract_QueueRunner.php(102): ActionScheduler_Action->execute()
#8 C:\New folder\htdocs\shopping\wp-content\plugins\seo-by-rank-math\vendor\woocommerce\action-scheduler\classes\ActionScheduler_QueueRunner.php(188): ActionScheduler_Abstract_QueueRunner->process_action(97, 'WP Cron')
#9 C:\New folder\htdocs\shopping\wp-content\plugins\seo-by-rank-math\vendor\woocommerce\action-scheduler\classes\ActionScheduler_QueueRunner.php(158): ActionScheduler_QueueRunner->do_batch(25, 'WP Cron')
#10 C:\New folder\htdocs\shopping\wp-includes\class-wp-hook.php(324): ActionScheduler_QueueRunner->run('WP Cron')
#11 C:\New folder\htdocs\shopping\wp-includes\class-wp-hook.php(348): WP_Hook->apply_filters('', Array)
#12 C:\New folder\htdocs\shopping\wp-includes\plugin.php(565): WP_Hook->do_action(Array)
#13 C:\New folder\htdocs\shopping\wp-cron.php(191): do_action_ref_array('action_schedule...', Array)
#14 {main} CONTEXT: {"_legacy":true}
2025-06-04T21:03:59+00:00 NOTICE There was an error trying to get product set data in a catalog: Cannot create the API instance because the access token is missing. CONTEXT: {"_legacy":true}
2025-06-04T21:03:59+00:00 NOTICE ProductSetSync exception: exception_code : 0; exception_class : WooCommerce\Facebook\Framework\Api\Exception: exception_message : Cannot create the API instance because the access token is missing.; exception_trace : #0 C:\New folder\htdocs\shopping\wp-content\plugins\facebook-for-woocommerce\includes\ProductSets\ProductSetSync.php(148): WC_Facebookcommerce->get_api()
#1 C:\New folder\htdocs\shopping\wp-content\plugins\facebook-for-woocommerce\includes\ProductSets\ProductSetSync.php(92): WooCommerce\Facebook\ProductSets\ProductSetSync->get_fb_product_set_id(Object(WP_Term))
#2 C:\New folder\htdocs\shopping\wp-includes\class-wp-hook.php(324): WooCommerce\Facebook\ProductSets\ProductSetSync->on_delete_wc_product_category_callback(37, '37', Object(WP_Term), Array)
#3 C:\New folder\htdocs\shopping\wp-includes\class-wp-hook.php(348): WP_Hook->apply_filters(NULL, Array)
#4 C:\New folder\htdocs\shopping\wp-includes\plugin.php(517): WP_Hook->do_action(Array)
#5 C:\New folder\htdocs\shopping\wp-includes\taxonomy.php(2227): do_action('delete_product_...', 37, '37', Object(WP_Term), Array)
#6 C:\New folder\htdocs\shopping\wp-admin\includes\ajax-actions.php(804): wp_delete_term(37, 'product_cat')
#7 C:\New folder\htdocs\shopping\wp-includes\class-wp-hook.php(324): wp_ajax_delete_tag('')
#8 C:\New folder\htdocs\shopping\wp-includes\class-wp-hook.php(348): WP_Hook->apply_filters('', Array)
#9 C:\New folder\htdocs\shopping\wp-includes\plugin.php(517): WP_Hook->do_action(Array)
#10 C:\New folder\htdocs\shopping\wp-admin\admin-ajax.php(192): do_action('wp_ajax_delete-...')
#11 {main} CONTEXT: {"_legacy":true}
2025-06-04T21:04:03+00:00 NOTICE There was an error trying to get product set data in a catalog: Cannot create the API instance because the access token is missing. CONTEXT: {"_legacy":true}
2025-06-04T21:04:03+00:00 NOTICE ProductSetSync exception: exception_code : 0; exception_class : WooCommerce\Facebook\Framework\Api\Exception: exception_message : Cannot create the API instance because the access token is missing.; exception_trace : #0 C:\New folder\htdocs\shopping\wp-content\plugins\facebook-for-woocommerce\includes\ProductSets\ProductSetSync.php(148): WC_Facebookcommerce->get_api()
#1 C:\New folder\htdocs\shopping\wp-content\plugins\facebook-for-woocommerce\includes\ProductSets\ProductSetSync.php(92): WooCommerce\Facebook\ProductSets\ProductSetSync->get_fb_product_set_id(Object(WP_Term))
#2 C:\New folder\htdocs\shopping\wp-includes\class-wp-hook.php(324): WooCommerce\Facebook\ProductSets\ProductSetSync->on_delete_wc_product_category_callback(35, '35', Object(WP_Term), Array)
#3 C:\New folder\htdocs\shopping\wp-includes\class-wp-hook.php(348): WP_Hook->apply_filters(NULL, Array)
#4 C:\New folder\htdocs\shopping\wp-includes\plugin.php(517): WP_Hook->do_action(Array)
#5 C:\New folder\htdocs\shopping\wp-includes\taxonomy.php(2227): do_action('delete_product_...', 35, '35', Object(WP_Term), Array)
#6 C:\New folder\htdocs\shopping\wp-admin\includes\ajax-actions.php(804): wp_delete_term(35, 'product_cat')
#7 C:\New folder\htdocs\shopping\wp-includes\class-wp-hook.php(324): wp_ajax_delete_tag('')
#8 C:\New folder\htdocs\shopping\wp-includes\class-wp-hook.php(348): WP_Hook->apply_filters('', Array)
#9 C:\New folder\htdocs\shopping\wp-includes\plugin.php(517): WP_Hook->do_action(Array)
#10 C:\New folder\htdocs\shopping\wp-admin\admin-ajax.php(192): do_action('wp_ajax_delete-...')
#11 {main} CONTEXT: {"_legacy":true}
2025-06-04T21:06:16+00:00 NOTICE There was an error trying to get product set data in a catalog: Cannot create the API instance because the access token is missing. CONTEXT: {"_legacy":true}
2025-06-04T21:06:16+00:00 NOTICE ProductSetSync exception: exception_code : 0; exception_class : WooCommerce\Facebook\Framework\Api\Exception: exception_message : Cannot create the API instance because the access token is missing.; exception_trace : #0 C:\New folder\htdocs\shopping\wp-content\plugins\facebook-for-woocommerce\includes\ProductSets\ProductSetSync.php(148): WC_Facebookcommerce->get_api()
#1 C:\New folder\htdocs\shopping\wp-content\plugins\facebook-for-woocommerce\includes\ProductSets\ProductSetSync.php(67): WooCommerce\Facebook\ProductSets\ProductSetSync->get_fb_product_set_id(Object(WP_Term))
#2 C:\New folder\htdocs\shopping\wp-includes\class-wp-hook.php(324): WooCommerce\Facebook\ProductSets\ProductSetSync->on_create_or_update_product_wc_category_callback(47, 47, Array)
#3 C:\New folder\htdocs\shopping\wp-includes\class-wp-hook.php(348): WP_Hook->apply_filters('', Array)
#4 C:\New folder\htdocs\shopping\wp-includes\plugin.php(517): WP_Hook->do_action(Array)
#5 C:\New folder\htdocs\shopping\wp-includes\taxonomy.php(2691): do_action('create_product_...', 47, 47, Array)
#6 C:\New folder\htdocs\shopping\wp-admin\includes\ajax-actions.php(1100): wp_insert_term('\xC3\xA1o thun hot', 'product_cat', Array)
#7 C:\New folder\htdocs\shopping\wp-includes\class-wp-hook.php(324): wp_ajax_add_tag('')
#8 C:\New folder\htdocs\shopping\wp-includes\class-wp-hook.php(348): WP_Hook->apply_filters('', Array)
#9 C:\New folder\htdocs\shopping\wp-includes\plugin.php(517): WP_Hook->do_action(Array)
#10 C:\New folder\htdocs\shopping\wp-admin\admin-ajax.php(192): do_action('wp_ajax_add-tag')
#11 {main} CONTEXT: {"_legacy":true}
2025-06-04T23:32:41+00:00 NOTICE Unable to detect valid feed configuration: No catalog ID CONTEXT: {"_legacy":true}
2025-06-04T23:32:41+00:00 NOTICE There was an error trying to get product set data in a catalog: Cannot create the API instance because the access token is missing. CONTEXT: {"_legacy":true}
2025-06-04T23:32:41+00:00 NOTICE ProductSetSync exception: exception_code : 0; exception_class : WooCommerce\Facebook\Framework\Api\Exception: exception_message : Cannot create the API instance because the access token is missing.; exception_trace : #0 C:\New folder\htdocs\shopping\wp-content\plugins\facebook-for-woocommerce\includes\ProductSets\ProductSetSync.php(148): WC_Facebookcommerce->get_api()
#1 C:\New folder\htdocs\shopping\wp-content\plugins\facebook-for-woocommerce\includes\ProductSets\ProductSetSync.php(235): WooCommerce\Facebook\ProductSets\ProductSetSync->get_fb_product_set_id(Object(WP_Term))
#2 C:\New folder\htdocs\shopping\wp-content\plugins\facebook-for-woocommerce\includes\ProductSets\ProductSetSync.php(110): WooCommerce\Facebook\ProductSets\ProductSetSync->sync_all_wc_product_categories()
#3 C:\New folder\htdocs\shopping\wp-includes\class-wp-hook.php(324): WooCommerce\Facebook\ProductSets\ProductSetSync->sync_all_product_sets()
#4 C:\New folder\htdocs\shopping\wp-includes\class-wp-hook.php(348): WP_Hook->apply_filters(NULL, Array)
#5 C:\New folder\htdocs\shopping\wp-includes\plugin.php(565): WP_Hook->do_action(Array)
#6 C:\New folder\htdocs\shopping\wp-content\plugins\woocommerce\packages\action-scheduler\classes\actions\ActionScheduler_Action.php(86): do_action_ref_array('facebook_for_wo...', Array)
#7 C:\New folder\htdocs\shopping\wp-content\plugins\woocommerce\packages\action-scheduler\classes\abstracts\ActionScheduler_Abstract_QueueRunner.php(102): ActionScheduler_Action->execute()
#8 C:\New folder\htdocs\shopping\wp-content\plugins\woocommerce\packages\action-scheduler\classes\ActionScheduler_QueueRunner.php(188): ActionScheduler_Abstract_QueueRunner->process_action(114, 'WP Cron')
#9 C:\New folder\htdocs\shopping\wp-content\plugins\woocommerce\packages\action-scheduler\classes\ActionScheduler_QueueRunner.php(158): ActionScheduler_QueueRunner->do_batch(25, 'WP Cron')
#10 C:\New folder\htdocs\shopping\wp-includes\class-wp-hook.php(324): ActionScheduler_QueueRunner->run('WP Cron')
#11 C:\New folder\htdocs\shopping\wp-includes\class-wp-hook.php(348): WP_Hook->apply_filters('', Array)
#12 C:\New folder\htdocs\shopping\wp-includes\plugin.php(565): WP_Hook->do_action(Array)
#13 C:\New folder\htdocs\shopping\wp-cron.php(191): do_action_ref_array('action_schedule...', Array)
#14 {main} CONTEXT: {"_legacy":true}
2025-06-04T23:32:41+00:00 NOTICE There was an error trying to get product set data in a catalog: Cannot create the API instance because the access token is missing. CONTEXT: {"_legacy":true}
2025-06-04T23:32:41+00:00 NOTICE ProductSetSync exception: exception_code : 0; exception_class : WooCommerce\Facebook\Framework\Api\Exception: exception_message : Cannot create the API instance because the access token is missing.; exception_trace : #0 C:\New folder\htdocs\shopping\wp-content\plugins\facebook-for-woocommerce\includes\ProductSets\ProductSetSync.php(148): WC_Facebookcommerce->get_api()
#1 C:\New folder\htdocs\shopping\wp-content\plugins\facebook-for-woocommerce\includes\ProductSets\ProductSetSync.php(235): WooCommerce\Facebook\ProductSets\ProductSetSync->get_fb_product_set_id(Object(WP_Term))
#2 C:\New folder\htdocs\shopping\wp-content\plugins\facebook-for-woocommerce\includes\ProductSets\ProductSetSync.php(110): WooCommerce\Facebook\ProductSets\ProductSetSync->sync_all_wc_product_categories()
#3 C:\New folder\htdocs\shopping\wp-includes\class-wp-hook.php(324): WooCommerce\Facebook\ProductSets\ProductSetSync->sync_all_product_sets()
#4 C:\New folder\htdocs\shopping\wp-includes\class-wp-hook.php(348): WP_Hook->apply_filters(NULL, Array)
#5 C:\New folder\htdocs\shopping\wp-includes\plugin.php(565): WP_Hook->do_action(Array)
#6 C:\New folder\htdocs\shopping\wp-content\plugins\woocommerce\packages\action-scheduler\classes\actions\ActionScheduler_Action.php(86): do_action_ref_array('facebook_for_wo...', Array)
#7 C:\New folder\htdocs\shopping\wp-content\plugins\woocommerce\packages\action-scheduler\classes\abstracts\ActionScheduler_Abstract_QueueRunner.php(102): ActionScheduler_Action->execute()
#8 C:\New folder\htdocs\shopping\wp-content\plugins\woocommerce\packages\action-scheduler\classes\ActionScheduler_QueueRunner.php(188): ActionScheduler_Abstract_QueueRunner->process_action(114, 'WP Cron')
#9 C:\New folder\htdocs\shopping\wp-content\plugins\woocommerce\packages\action-scheduler\classes\ActionScheduler_QueueRunner.php(158): ActionScheduler_QueueRunner->do_batch(25, 'WP Cron')
#10 C:\New folder\htdocs\shopping\wp-includes\class-wp-hook.php(324): ActionScheduler_QueueRunner->run('WP Cron')
#11 C:\New folder\htdocs\shopping\wp-includes\class-wp-hook.php(348): WP_Hook->apply_filters('', Array)
#12 C:\New folder\htdocs\shopping\wp-includes\plugin.php(565): WP_Hook->do_action(Array)
#13 C:\New folder\htdocs\shopping\wp-cron.php(191): do_action_ref_array('action_schedule...', Array)
#14 {main} CONTEXT: {"_legacy":true}
