2025-06-10T12:05:42+00:00 NOTICE Unable to detect valid feed configuration: No catalog ID CONTEXT: {"_legacy":true}
2025-06-10T12:05:42+00:00 NOTICE There was an error trying to get product set data in a catalog: Cannot create the API instance because the access token is missing. CONTEXT: {"_legacy":true}
2025-06-10T12:05:42+00:00 NOTICE ProductSetSync exception: exception_code : 0; exception_class : WooCommerce\Facebook\Framework\Api\Exception: exception_message : Cannot create the API instance because the access token is missing.; exception_trace : #0 C:\New folder\htdocs\shopping\wp-content\plugins\facebook-for-woocommerce\includes\ProductSets\ProductSetSync.php(148): WC_Facebookcommerce->get_api()
#1 C:\New folder\htdocs\shopping\wp-content\plugins\facebook-for-woocommerce\includes\ProductSets\ProductSetSync.php(235): WooCommerce\Facebook\ProductSets\ProductSetSync->get_fb_product_set_id(Object(WP_Term))
#2 C:\New folder\htdocs\shopping\wp-content\plugins\facebook-for-woocommerce\includes\ProductSets\ProductSetSync.php(110): WooCommerce\Facebook\ProductSets\ProductSetSync->sync_all_wc_product_categories()
#3 C:\New folder\htdocs\shopping\wp-includes\class-wp-hook.php(324): WooCommerce\Facebook\ProductSets\ProductSetSync->sync_all_product_sets()
#4 C:\New folder\htdocs\shopping\wp-includes\class-wp-hook.php(348): WP_Hook->apply_filters(NULL, Array)
#5 C:\New folder\htdocs\shopping\wp-includes\plugin.php(565): WP_Hook->do_action(Array)
#6 C:\New folder\htdocs\shopping\wp-content\plugins\woocommerce\packages\action-scheduler\classes\actions\ActionScheduler_Action.php(86): do_action_ref_array('facebook_for_wo...', Array)
#7 C:\New folder\htdocs\shopping\wp-content\plugins\woocommerce\packages\action-scheduler\classes\abstracts\ActionScheduler_Abstract_QueueRunner.php(102): ActionScheduler_Action->execute()
#8 C:\New folder\htdocs\shopping\wp-content\plugins\woocommerce\packages\action-scheduler\classes\ActionScheduler_QueueRunner.php(188): ActionScheduler_Abstract_QueueRunner->process_action(252, 'Async Request')
#9 C:\New folder\htdocs\shopping\wp-content\plugins\woocommerce\packages\action-scheduler\classes\ActionScheduler_QueueRunner.php(158): ActionScheduler_QueueRunner->do_batch(25, 'Async Request')
#10 C:\New folder\htdocs\shopping\wp-includes\class-wp-hook.php(324): ActionScheduler_QueueRunner->run('Async Request')
#11 C:\New folder\htdocs\shopping\wp-includes\class-wp-hook.php(348): WP_Hook->apply_filters('', Array)
#12 C:\New folder\htdocs\shopping\wp-includes\plugin.php(517): WP_Hook->do_action(Array)
#13 C:\New folder\htdocs\shopping\wp-content\plugins\woocommerce\packages\action-scheduler\classes\ActionScheduler_AsyncRequest_QueueRunner.php(48): do_action('action_schedule...', 'Async Request')
#14 C:\New folder\htdocs\shopping\wp-content\plugins\woocommerce\includes\libraries\wp-async-request.php(147): ActionScheduler_AsyncRequest_QueueRunner->handle()
#15 C:\New folder\htdocs\shopping\wp-includes\class-wp-hook.php(324): WP_Async_Request->maybe_handle('')
#16 C:\New folder\htdocs\shopping\wp-includes\class-wp-hook.php(348): WP_Hook->apply_filters('', Array)
#17 C:\New folder\htdocs\shopping\wp-includes\plugin.php(517): WP_Hook->do_action(Array)
#18 C:\New folder\htdocs\shopping\wp-admin\admin-ajax.php(207): do_action('wp_ajax_nopriv_...')
#19 {main} CONTEXT: {"_legacy":true}
2025-06-10T12:05:42+00:00 NOTICE There was an error trying to get product set data in a catalog: Cannot create the API instance because the access token is missing. CONTEXT: {"_legacy":true}
2025-06-10T12:05:42+00:00 NOTICE ProductSetSync exception: exception_code : 0; exception_class : WooCommerce\Facebook\Framework\Api\Exception: exception_message : Cannot create the API instance because the access token is missing.; exception_trace : #0 C:\New folder\htdocs\shopping\wp-content\plugins\facebook-for-woocommerce\includes\ProductSets\ProductSetSync.php(148): WC_Facebookcommerce->get_api()
#1 C:\New folder\htdocs\shopping\wp-content\plugins\facebook-for-woocommerce\includes\ProductSets\ProductSetSync.php(235): WooCommerce\Facebook\ProductSets\ProductSetSync->get_fb_product_set_id(Object(WP_Term))
#2 C:\New folder\htdocs\shopping\wp-content\plugins\facebook-for-woocommerce\includes\ProductSets\ProductSetSync.php(110): WooCommerce\Facebook\ProductSets\ProductSetSync->sync_all_wc_product_categories()
#3 C:\New folder\htdocs\shopping\wp-includes\class-wp-hook.php(324): WooCommerce\Facebook\ProductSets\ProductSetSync->sync_all_product_sets()
#4 C:\New folder\htdocs\shopping\wp-includes\class-wp-hook.php(348): WP_Hook->apply_filters(NULL, Array)
#5 C:\New folder\htdocs\shopping\wp-includes\plugin.php(565): WP_Hook->do_action(Array)
#6 C:\New folder\htdocs\shopping\wp-content\plugins\woocommerce\packages\action-scheduler\classes\actions\ActionScheduler_Action.php(86): do_action_ref_array('facebook_for_wo...', Array)
#7 C:\New folder\htdocs\shopping\wp-content\plugins\woocommerce\packages\action-scheduler\classes\abstracts\ActionScheduler_Abstract_QueueRunner.php(102): ActionScheduler_Action->execute()
#8 C:\New folder\htdocs\shopping\wp-content\plugins\woocommerce\packages\action-scheduler\classes\ActionScheduler_QueueRunner.php(188): ActionScheduler_Abstract_QueueRunner->process_action(252, 'Async Request')
#9 C:\New folder\htdocs\shopping\wp-content\plugins\woocommerce\packages\action-scheduler\classes\ActionScheduler_QueueRunner.php(158): ActionScheduler_QueueRunner->do_batch(25, 'Async Request')
#10 C:\New folder\htdocs\shopping\wp-includes\class-wp-hook.php(324): ActionScheduler_QueueRunner->run('Async Request')
#11 C:\New folder\htdocs\shopping\wp-includes\class-wp-hook.php(348): WP_Hook->apply_filters('', Array)
#12 C:\New folder\htdocs\shopping\wp-includes\plugin.php(517): WP_Hook->do_action(Array)
#13 C:\New folder\htdocs\shopping\wp-content\plugins\woocommerce\packages\action-scheduler\classes\ActionScheduler_AsyncRequest_QueueRunner.php(48): do_action('action_schedule...', 'Async Request')
#14 C:\New folder\htdocs\shopping\wp-content\plugins\woocommerce\includes\libraries\wp-async-request.php(147): ActionScheduler_AsyncRequest_QueueRunner->handle()
#15 C:\New folder\htdocs\shopping\wp-includes\class-wp-hook.php(324): WP_Async_Request->maybe_handle('')
#16 C:\New folder\htdocs\shopping\wp-includes\class-wp-hook.php(348): WP_Hook->apply_filters('', Array)
#17 C:\New folder\htdocs\shopping\wp-includes\plugin.php(517): WP_Hook->do_action(Array)
#18 C:\New folder\htdocs\shopping\wp-admin\admin-ajax.php(207): do_action('wp_ajax_nopriv_...')
#19 {main} CONTEXT: {"_legacy":true}
2025-06-10T12:05:42+00:00 NOTICE There was an error trying to get product set data in a catalog: Cannot create the API instance because the access token is missing. CONTEXT: {"_legacy":true}
2025-06-10T12:05:42+00:00 NOTICE ProductSetSync exception: exception_code : 0; exception_class : WooCommerce\Facebook\Framework\Api\Exception: exception_message : Cannot create the API instance because the access token is missing.; exception_trace : #0 C:\New folder\htdocs\shopping\wp-content\plugins\facebook-for-woocommerce\includes\ProductSets\ProductSetSync.php(148): WC_Facebookcommerce->get_api()
#1 C:\New folder\htdocs\shopping\wp-content\plugins\facebook-for-woocommerce\includes\ProductSets\ProductSetSync.php(235): WooCommerce\Facebook\ProductSets\ProductSetSync->get_fb_product_set_id(Object(WP_Term))
#2 C:\New folder\htdocs\shopping\wp-content\plugins\facebook-for-woocommerce\includes\ProductSets\ProductSetSync.php(110): WooCommerce\Facebook\ProductSets\ProductSetSync->sync_all_wc_product_categories()
#3 C:\New folder\htdocs\shopping\wp-includes\class-wp-hook.php(324): WooCommerce\Facebook\ProductSets\ProductSetSync->sync_all_product_sets()
#4 C:\New folder\htdocs\shopping\wp-includes\class-wp-hook.php(348): WP_Hook->apply_filters(NULL, Array)
#5 C:\New folder\htdocs\shopping\wp-includes\plugin.php(565): WP_Hook->do_action(Array)
#6 C:\New folder\htdocs\shopping\wp-content\plugins\woocommerce\packages\action-scheduler\classes\actions\ActionScheduler_Action.php(86): do_action_ref_array('facebook_for_wo...', Array)
#7 C:\New folder\htdocs\shopping\wp-content\plugins\woocommerce\packages\action-scheduler\classes\abstracts\ActionScheduler_Abstract_QueueRunner.php(102): ActionScheduler_Action->execute()
#8 C:\New folder\htdocs\shopping\wp-content\plugins\woocommerce\packages\action-scheduler\classes\ActionScheduler_QueueRunner.php(188): ActionScheduler_Abstract_QueueRunner->process_action(252, 'Async Request')
#9 C:\New folder\htdocs\shopping\wp-content\plugins\woocommerce\packages\action-scheduler\classes\ActionScheduler_QueueRunner.php(158): ActionScheduler_QueueRunner->do_batch(25, 'Async Request')
#10 C:\New folder\htdocs\shopping\wp-includes\class-wp-hook.php(324): ActionScheduler_QueueRunner->run('Async Request')
#11 C:\New folder\htdocs\shopping\wp-includes\class-wp-hook.php(348): WP_Hook->apply_filters('', Array)
#12 C:\New folder\htdocs\shopping\wp-includes\plugin.php(517): WP_Hook->do_action(Array)
#13 C:\New folder\htdocs\shopping\wp-content\plugins\woocommerce\packages\action-scheduler\classes\ActionScheduler_AsyncRequest_QueueRunner.php(48): do_action('action_schedule...', 'Async Request')
#14 C:\New folder\htdocs\shopping\wp-content\plugins\woocommerce\includes\libraries\wp-async-request.php(147): ActionScheduler_AsyncRequest_QueueRunner->handle()
#15 C:\New folder\htdocs\shopping\wp-includes\class-wp-hook.php(324): WP_Async_Request->maybe_handle('')
#16 C:\New folder\htdocs\shopping\wp-includes\class-wp-hook.php(348): WP_Hook->apply_filters('', Array)
#17 C:\New folder\htdocs\shopping\wp-includes\plugin.php(517): WP_Hook->do_action(Array)
#18 C:\New folder\htdocs\shopping\wp-admin\admin-ajax.php(207): do_action('wp_ajax_nopriv_...')
#19 {main} CONTEXT: {"_legacy":true}
2025-06-10T12:05:42+00:00 NOTICE There was an error trying to get product set data in a catalog: Cannot create the API instance because the access token is missing. CONTEXT: {"_legacy":true}
2025-06-10T12:05:42+00:00 NOTICE ProductSetSync exception: exception_code : 0; exception_class : WooCommerce\Facebook\Framework\Api\Exception: exception_message : Cannot create the API instance because the access token is missing.; exception_trace : #0 C:\New folder\htdocs\shopping\wp-content\plugins\facebook-for-woocommerce\includes\ProductSets\ProductSetSync.php(148): WC_Facebookcommerce->get_api()
#1 C:\New folder\htdocs\shopping\wp-content\plugins\facebook-for-woocommerce\includes\ProductSets\ProductSetSync.php(235): WooCommerce\Facebook\ProductSets\ProductSetSync->get_fb_product_set_id(Object(WP_Term))
#2 C:\New folder\htdocs\shopping\wp-content\plugins\facebook-for-woocommerce\includes\ProductSets\ProductSetSync.php(110): WooCommerce\Facebook\ProductSets\ProductSetSync->sync_all_wc_product_categories()
#3 C:\New folder\htdocs\shopping\wp-includes\class-wp-hook.php(324): WooCommerce\Facebook\ProductSets\ProductSetSync->sync_all_product_sets()
#4 C:\New folder\htdocs\shopping\wp-includes\class-wp-hook.php(348): WP_Hook->apply_filters(NULL, Array)
#5 C:\New folder\htdocs\shopping\wp-includes\plugin.php(565): WP_Hook->do_action(Array)
#6 C:\New folder\htdocs\shopping\wp-content\plugins\woocommerce\packages\action-scheduler\classes\actions\ActionScheduler_Action.php(86): do_action_ref_array('facebook_for_wo...', Array)
#7 C:\New folder\htdocs\shopping\wp-content\plugins\woocommerce\packages\action-scheduler\classes\abstracts\ActionScheduler_Abstract_QueueRunner.php(102): ActionScheduler_Action->execute()
#8 C:\New folder\htdocs\shopping\wp-content\plugins\woocommerce\packages\action-scheduler\classes\ActionScheduler_QueueRunner.php(188): ActionScheduler_Abstract_QueueRunner->process_action(252, 'Async Request')
#9 C:\New folder\htdocs\shopping\wp-content\plugins\woocommerce\packages\action-scheduler\classes\ActionScheduler_QueueRunner.php(158): ActionScheduler_QueueRunner->do_batch(25, 'Async Request')
#10 C:\New folder\htdocs\shopping\wp-includes\class-wp-hook.php(324): ActionScheduler_QueueRunner->run('Async Request')
#11 C:\New folder\htdocs\shopping\wp-includes\class-wp-hook.php(348): WP_Hook->apply_filters('', Array)
#12 C:\New folder\htdocs\shopping\wp-includes\plugin.php(517): WP_Hook->do_action(Array)
#13 C:\New folder\htdocs\shopping\wp-content\plugins\woocommerce\packages\action-scheduler\classes\ActionScheduler_AsyncRequest_QueueRunner.php(48): do_action('action_schedule...', 'Async Request')
#14 C:\New folder\htdocs\shopping\wp-content\plugins\woocommerce\includes\libraries\wp-async-request.php(147): ActionScheduler_AsyncRequest_QueueRunner->handle()
#15 C:\New folder\htdocs\shopping\wp-includes\class-wp-hook.php(324): WP_Async_Request->maybe_handle('')
#16 C:\New folder\htdocs\shopping\wp-includes\class-wp-hook.php(348): WP_Hook->apply_filters('', Array)
#17 C:\New folder\htdocs\shopping\wp-includes\plugin.php(517): WP_Hook->do_action(Array)
#18 C:\New folder\htdocs\shopping\wp-admin\admin-ajax.php(207): do_action('wp_ajax_nopriv_...')
#19 {main} CONTEXT: {"_legacy":true}
2025-06-10T12:05:42+00:00 NOTICE There was an error trying to get product set data in a catalog: Cannot create the API instance because the access token is missing. CONTEXT: {"_legacy":true}
2025-06-10T12:05:42+00:00 NOTICE ProductSetSync exception: exception_code : 0; exception_class : WooCommerce\Facebook\Framework\Api\Exception: exception_message : Cannot create the API instance because the access token is missing.; exception_trace : #0 C:\New folder\htdocs\shopping\wp-content\plugins\facebook-for-woocommerce\includes\ProductSets\ProductSetSync.php(148): WC_Facebookcommerce->get_api()
#1 C:\New folder\htdocs\shopping\wp-content\plugins\facebook-for-woocommerce\includes\ProductSets\ProductSetSync.php(235): WooCommerce\Facebook\ProductSets\ProductSetSync->get_fb_product_set_id(Object(WP_Term))
#2 C:\New folder\htdocs\shopping\wp-content\plugins\facebook-for-woocommerce\includes\ProductSets\ProductSetSync.php(110): WooCommerce\Facebook\ProductSets\ProductSetSync->sync_all_wc_product_categories()
#3 C:\New folder\htdocs\shopping\wp-includes\class-wp-hook.php(324): WooCommerce\Facebook\ProductSets\ProductSetSync->sync_all_product_sets()
#4 C:\New folder\htdocs\shopping\wp-includes\class-wp-hook.php(348): WP_Hook->apply_filters(NULL, Array)
#5 C:\New folder\htdocs\shopping\wp-includes\plugin.php(565): WP_Hook->do_action(Array)
#6 C:\New folder\htdocs\shopping\wp-content\plugins\woocommerce\packages\action-scheduler\classes\actions\ActionScheduler_Action.php(86): do_action_ref_array('facebook_for_wo...', Array)
#7 C:\New folder\htdocs\shopping\wp-content\plugins\woocommerce\packages\action-scheduler\classes\abstracts\ActionScheduler_Abstract_QueueRunner.php(102): ActionScheduler_Action->execute()
#8 C:\New folder\htdocs\shopping\wp-content\plugins\woocommerce\packages\action-scheduler\classes\ActionScheduler_QueueRunner.php(188): ActionScheduler_Abstract_QueueRunner->process_action(252, 'Async Request')
#9 C:\New folder\htdocs\shopping\wp-content\plugins\woocommerce\packages\action-scheduler\classes\ActionScheduler_QueueRunner.php(158): ActionScheduler_QueueRunner->do_batch(25, 'Async Request')
#10 C:\New folder\htdocs\shopping\wp-includes\class-wp-hook.php(324): ActionScheduler_QueueRunner->run('Async Request')
#11 C:\New folder\htdocs\shopping\wp-includes\class-wp-hook.php(348): WP_Hook->apply_filters('', Array)
#12 C:\New folder\htdocs\shopping\wp-includes\plugin.php(517): WP_Hook->do_action(Array)
#13 C:\New folder\htdocs\shopping\wp-content\plugins\woocommerce\packages\action-scheduler\classes\ActionScheduler_AsyncRequest_QueueRunner.php(48): do_action('action_schedule...', 'Async Request')
#14 C:\New folder\htdocs\shopping\wp-content\plugins\woocommerce\includes\libraries\wp-async-request.php(147): ActionScheduler_AsyncRequest_QueueRunner->handle()
#15 C:\New folder\htdocs\shopping\wp-includes\class-wp-hook.php(324): WP_Async_Request->maybe_handle('')
#16 C:\New folder\htdocs\shopping\wp-includes\class-wp-hook.php(348): WP_Hook->apply_filters('', Array)
#17 C:\New folder\htdocs\shopping\wp-includes\plugin.php(517): WP_Hook->do_action(Array)
#18 C:\New folder\htdocs\shopping\wp-admin\admin-ajax.php(207): do_action('wp_ajax_nopriv_...')
#19 {main} CONTEXT: {"_legacy":true}
2025-06-10T12:05:42+00:00 NOTICE There was an error trying to get product set data in a catalog: Cannot create the API instance because the access token is missing. CONTEXT: {"_legacy":true}
2025-06-10T12:05:42+00:00 NOTICE ProductSetSync exception: exception_code : 0; exception_class : WooCommerce\Facebook\Framework\Api\Exception: exception_message : Cannot create the API instance because the access token is missing.; exception_trace : #0 C:\New folder\htdocs\shopping\wp-content\plugins\facebook-for-woocommerce\includes\ProductSets\ProductSetSync.php(148): WC_Facebookcommerce->get_api()
#1 C:\New folder\htdocs\shopping\wp-content\plugins\facebook-for-woocommerce\includes\ProductSets\ProductSetSync.php(235): WooCommerce\Facebook\ProductSets\ProductSetSync->get_fb_product_set_id(Object(WP_Term))
#2 C:\New folder\htdocs\shopping\wp-content\plugins\facebook-for-woocommerce\includes\ProductSets\ProductSetSync.php(110): WooCommerce\Facebook\ProductSets\ProductSetSync->sync_all_wc_product_categories()
#3 C:\New folder\htdocs\shopping\wp-includes\class-wp-hook.php(324): WooCommerce\Facebook\ProductSets\ProductSetSync->sync_all_product_sets()
#4 C:\New folder\htdocs\shopping\wp-includes\class-wp-hook.php(348): WP_Hook->apply_filters(NULL, Array)
#5 C:\New folder\htdocs\shopping\wp-includes\plugin.php(565): WP_Hook->do_action(Array)
#6 C:\New folder\htdocs\shopping\wp-content\plugins\woocommerce\packages\action-scheduler\classes\actions\ActionScheduler_Action.php(86): do_action_ref_array('facebook_for_wo...', Array)
#7 C:\New folder\htdocs\shopping\wp-content\plugins\woocommerce\packages\action-scheduler\classes\abstracts\ActionScheduler_Abstract_QueueRunner.php(102): ActionScheduler_Action->execute()
#8 C:\New folder\htdocs\shopping\wp-content\plugins\woocommerce\packages\action-scheduler\classes\ActionScheduler_QueueRunner.php(188): ActionScheduler_Abstract_QueueRunner->process_action(252, 'Async Request')
#9 C:\New folder\htdocs\shopping\wp-content\plugins\woocommerce\packages\action-scheduler\classes\ActionScheduler_QueueRunner.php(158): ActionScheduler_QueueRunner->do_batch(25, 'Async Request')
#10 C:\New folder\htdocs\shopping\wp-includes\class-wp-hook.php(324): ActionScheduler_QueueRunner->run('Async Request')
#11 C:\New folder\htdocs\shopping\wp-includes\class-wp-hook.php(348): WP_Hook->apply_filters('', Array)
#12 C:\New folder\htdocs\shopping\wp-includes\plugin.php(517): WP_Hook->do_action(Array)
#13 C:\New folder\htdocs\shopping\wp-content\plugins\woocommerce\packages\action-scheduler\classes\ActionScheduler_AsyncRequest_QueueRunner.php(48): do_action('action_schedule...', 'Async Request')
#14 C:\New folder\htdocs\shopping\wp-content\plugins\woocommerce\includes\libraries\wp-async-request.php(147): ActionScheduler_AsyncRequest_QueueRunner->handle()
#15 C:\New folder\htdocs\shopping\wp-includes\class-wp-hook.php(324): WP_Async_Request->maybe_handle('')
#16 C:\New folder\htdocs\shopping\wp-includes\class-wp-hook.php(348): WP_Hook->apply_filters('', Array)
#17 C:\New folder\htdocs\shopping\wp-includes\plugin.php(517): WP_Hook->do_action(Array)
#18 C:\New folder\htdocs\shopping\wp-admin\admin-ajax.php(207): do_action('wp_ajax_nopriv_...')
#19 {main} CONTEXT: {"_legacy":true}
2025-06-10T12:05:42+00:00 NOTICE There was an error trying to get product set data in a catalog: Cannot create the API instance because the access token is missing. CONTEXT: {"_legacy":true}
2025-06-10T12:05:42+00:00 NOTICE ProductSetSync exception: exception_code : 0; exception_class : WooCommerce\Facebook\Framework\Api\Exception: exception_message : Cannot create the API instance because the access token is missing.; exception_trace : #0 C:\New folder\htdocs\shopping\wp-content\plugins\facebook-for-woocommerce\includes\ProductSets\ProductSetSync.php(148): WC_Facebookcommerce->get_api()
#1 C:\New folder\htdocs\shopping\wp-content\plugins\facebook-for-woocommerce\includes\ProductSets\ProductSetSync.php(235): WooCommerce\Facebook\ProductSets\ProductSetSync->get_fb_product_set_id(Object(WP_Term))
#2 C:\New folder\htdocs\shopping\wp-content\plugins\facebook-for-woocommerce\includes\ProductSets\ProductSetSync.php(110): WooCommerce\Facebook\ProductSets\ProductSetSync->sync_all_wc_product_categories()
#3 C:\New folder\htdocs\shopping\wp-includes\class-wp-hook.php(324): WooCommerce\Facebook\ProductSets\ProductSetSync->sync_all_product_sets()
#4 C:\New folder\htdocs\shopping\wp-includes\class-wp-hook.php(348): WP_Hook->apply_filters(NULL, Array)
#5 C:\New folder\htdocs\shopping\wp-includes\plugin.php(565): WP_Hook->do_action(Array)
#6 C:\New folder\htdocs\shopping\wp-content\plugins\woocommerce\packages\action-scheduler\classes\actions\ActionScheduler_Action.php(86): do_action_ref_array('facebook_for_wo...', Array)
#7 C:\New folder\htdocs\shopping\wp-content\plugins\woocommerce\packages\action-scheduler\classes\abstracts\ActionScheduler_Abstract_QueueRunner.php(102): ActionScheduler_Action->execute()
#8 C:\New folder\htdocs\shopping\wp-content\plugins\woocommerce\packages\action-scheduler\classes\ActionScheduler_QueueRunner.php(188): ActionScheduler_Abstract_QueueRunner->process_action(252, 'Async Request')
#9 C:\New folder\htdocs\shopping\wp-content\plugins\woocommerce\packages\action-scheduler\classes\ActionScheduler_QueueRunner.php(158): ActionScheduler_QueueRunner->do_batch(25, 'Async Request')
#10 C:\New folder\htdocs\shopping\wp-includes\class-wp-hook.php(324): ActionScheduler_QueueRunner->run('Async Request')
#11 C:\New folder\htdocs\shopping\wp-includes\class-wp-hook.php(348): WP_Hook->apply_filters('', Array)
#12 C:\New folder\htdocs\shopping\wp-includes\plugin.php(517): WP_Hook->do_action(Array)
#13 C:\New folder\htdocs\shopping\wp-content\plugins\woocommerce\packages\action-scheduler\classes\ActionScheduler_AsyncRequest_QueueRunner.php(48): do_action('action_schedule...', 'Async Request')
#14 C:\New folder\htdocs\shopping\wp-content\plugins\woocommerce\includes\libraries\wp-async-request.php(147): ActionScheduler_AsyncRequest_QueueRunner->handle()
#15 C:\New folder\htdocs\shopping\wp-includes\class-wp-hook.php(324): WP_Async_Request->maybe_handle('')
#16 C:\New folder\htdocs\shopping\wp-includes\class-wp-hook.php(348): WP_Hook->apply_filters('', Array)
#17 C:\New folder\htdocs\shopping\wp-includes\plugin.php(517): WP_Hook->do_action(Array)
#18 C:\New folder\htdocs\shopping\wp-admin\admin-ajax.php(207): do_action('wp_ajax_nopriv_...')
#19 {main} CONTEXT: {"_legacy":true}
