2025-05-22T00:03:23+00:00 NOTICE There was an error trying to get product set data in a catalog: Cannot create the API instance because the access token is missing. CONTEXT: {"_legacy":true}
2025-05-22T00:03:23+00:00 NOTICE ProductSetSync exception: exception_code : 0; exception_class : WooCommerce\Facebook\Framework\Api\Exception: exception_message : Cannot create the API instance because the access token is missing.; exception_trace : #0 C:\New folder\htdocs\shopping\wp-content\plugins\facebook-for-woocommerce\includes\ProductSets\ProductSetSync.php(148): WC_Facebookcommerce->get_api()
#1 C:\New folder\htdocs\shopping\wp-content\plugins\facebook-for-woocommerce\includes\ProductSets\ProductSetSync.php(92): WooCommerce\Facebook\ProductSets\ProductSetSync->get_fb_product_set_id(Object(WP_Term))
#2 C:\New folder\htdocs\shopping\wp-includes\class-wp-hook.php(324): WooCommerce\Facebook\ProductSets\ProductSetSync->on_delete_wc_product_category_callback(17, '17', Object(WP_Term), Array)
#3 C:\New folder\htdocs\shopping\wp-includes\class-wp-hook.php(348): WP_Hook->apply_filters(NULL, Array)
#4 C:\New folder\htdocs\shopping\wp-includes\plugin.php(517): WP_Hook->do_action(Array)
#5 C:\New folder\htdocs\shopping\wp-includes\taxonomy.php(2216): do_action('delete_product_...', 17, '17', Object(WP_Term), Array)
#6 C:\New folder\htdocs\shopping\wp-content\plugins\kadence-starter-templates\inc\class-template-library-rest-api.php(1687): wp_delete_term(17, 'product_cat')
#7 C:\New folder\htdocs\shopping\wp-includes\rest-api\class-wp-rest-server.php(1292): KadenceWP\KadenceStarterTemplates\Library_REST_Controller->remove_content(Object(WP_REST_Request))
#8 C:\New folder\htdocs\shopping\wp-includes\rest-api\class-wp-rest-server.php(1125): WP_REST_Server->respond_to_request(Object(WP_REST_Request), '/kadence-starte...', Array, NULL)
#9 C:\New folder\htdocs\shopping\wp-includes\rest-api\class-wp-rest-server.php(439): WP_REST_Server->dispatch(Object(WP_REST_Request))
#10 C:\New folder\htdocs\shopping\wp-includes\rest-api.php(449): WP_REST_Server->serve_request('/kadence-starte...')
#11 C:\New folder\htdocs\shopping\wp-includes\class-wp-hook.php(324): rest_api_loaded(Object(WP))
#12 C:\New folder\htdocs\shopping\wp-includes\class-wp-hook.php(348): WP_Hook->apply_filters(NULL, Array)
#13 C:\New folder\htdocs\shopping\wp-includes\plugin.php(565): WP_Hook->do_action(Array)
#14 C:\New folder\htdocs\shopping\wp-includes\class-wp.php(418): do_action_ref_array('parse_request', Array)
#15 C:\New folder\htdocs\shopping\wp-includes\class-wp.php(813): WP->parse_request('')
#16 C:\New folder\htdocs\shopping\wp-includes\functions.php(1336): WP->main('')
#17 C:\New folder\htdocs\shopping\wp-blog-header.php(16): wp()
#18 C:\New folder\htdocs\shopping\index.php(17): require('C:\\New folder\\h...')
#19 {main} CONTEXT: {"_legacy":true}
2025-05-22T00:03:23+00:00 NOTICE There was an error trying to get product set data in a catalog: Cannot create the API instance because the access token is missing. CONTEXT: {"_legacy":true}
2025-05-22T00:03:23+00:00 NOTICE ProductSetSync exception: exception_code : 0; exception_class : WooCommerce\Facebook\Framework\Api\Exception: exception_message : Cannot create the API instance because the access token is missing.; exception_trace : #0 C:\New folder\htdocs\shopping\wp-content\plugins\facebook-for-woocommerce\includes\ProductSets\ProductSetSync.php(148): WC_Facebookcommerce->get_api()
#1 C:\New folder\htdocs\shopping\wp-content\plugins\facebook-for-woocommerce\includes\ProductSets\ProductSetSync.php(92): WooCommerce\Facebook\ProductSets\ProductSetSync->get_fb_product_set_id(Object(WP_Term))
#2 C:\New folder\htdocs\shopping\wp-includes\class-wp-hook.php(324): WooCommerce\Facebook\ProductSets\ProductSetSync->on_delete_wc_product_category_callback(19, '19', Object(WP_Term), Array)
#3 C:\New folder\htdocs\shopping\wp-includes\class-wp-hook.php(348): WP_Hook->apply_filters(NULL, Array)
#4 C:\New folder\htdocs\shopping\wp-includes\plugin.php(517): WP_Hook->do_action(Array)
#5 C:\New folder\htdocs\shopping\wp-includes\taxonomy.php(2216): do_action('delete_product_...', 19, '19', Object(WP_Term), Array)
#6 C:\New folder\htdocs\shopping\wp-content\plugins\kadence-starter-templates\inc\class-template-library-rest-api.php(1687): wp_delete_term(19, 'product_cat')
#7 C:\New folder\htdocs\shopping\wp-includes\rest-api\class-wp-rest-server.php(1292): KadenceWP\KadenceStarterTemplates\Library_REST_Controller->remove_content(Object(WP_REST_Request))
#8 C:\New folder\htdocs\shopping\wp-includes\rest-api\class-wp-rest-server.php(1125): WP_REST_Server->respond_to_request(Object(WP_REST_Request), '/kadence-starte...', Array, NULL)
#9 C:\New folder\htdocs\shopping\wp-includes\rest-api\class-wp-rest-server.php(439): WP_REST_Server->dispatch(Object(WP_REST_Request))
#10 C:\New folder\htdocs\shopping\wp-includes\rest-api.php(449): WP_REST_Server->serve_request('/kadence-starte...')
#11 C:\New folder\htdocs\shopping\wp-includes\class-wp-hook.php(324): rest_api_loaded(Object(WP))
#12 C:\New folder\htdocs\shopping\wp-includes\class-wp-hook.php(348): WP_Hook->apply_filters(NULL, Array)
#13 C:\New folder\htdocs\shopping\wp-includes\plugin.php(565): WP_Hook->do_action(Array)
#14 C:\New folder\htdocs\shopping\wp-includes\class-wp.php(418): do_action_ref_array('parse_request', Array)
#15 C:\New folder\htdocs\shopping\wp-includes\class-wp.php(813): WP->parse_request('')
#16 C:\New folder\htdocs\shopping\wp-includes\functions.php(1336): WP->main('')
#17 C:\New folder\htdocs\shopping\wp-blog-header.php(16): wp()
#18 C:\New folder\htdocs\shopping\index.php(17): require('C:\\New folder\\h...')
#19 {main} CONTEXT: {"_legacy":true}
2025-05-22T00:03:23+00:00 NOTICE There was an error trying to get product set data in a catalog: Cannot create the API instance because the access token is missing. CONTEXT: {"_legacy":true}
2025-05-22T00:03:23+00:00 NOTICE ProductSetSync exception: exception_code : 0; exception_class : WooCommerce\Facebook\Framework\Api\Exception: exception_message : Cannot create the API instance because the access token is missing.; exception_trace : #0 C:\New folder\htdocs\shopping\wp-content\plugins\facebook-for-woocommerce\includes\ProductSets\ProductSetSync.php(148): WC_Facebookcommerce->get_api()
#1 C:\New folder\htdocs\shopping\wp-content\plugins\facebook-for-woocommerce\includes\ProductSets\ProductSetSync.php(92): WooCommerce\Facebook\ProductSets\ProductSetSync->get_fb_product_set_id(Object(WP_Term))
#2 C:\New folder\htdocs\shopping\wp-includes\class-wp-hook.php(324): WooCommerce\Facebook\ProductSets\ProductSetSync->on_delete_wc_product_category_callback(20, '20', Object(WP_Term), Array)
#3 C:\New folder\htdocs\shopping\wp-includes\class-wp-hook.php(348): WP_Hook->apply_filters(NULL, Array)
#4 C:\New folder\htdocs\shopping\wp-includes\plugin.php(517): WP_Hook->do_action(Array)
#5 C:\New folder\htdocs\shopping\wp-includes\taxonomy.php(2216): do_action('delete_product_...', 20, '20', Object(WP_Term), Array)
#6 C:\New folder\htdocs\shopping\wp-content\plugins\kadence-starter-templates\inc\class-template-library-rest-api.php(1687): wp_delete_term(20, 'product_cat')
#7 C:\New folder\htdocs\shopping\wp-includes\rest-api\class-wp-rest-server.php(1292): KadenceWP\KadenceStarterTemplates\Library_REST_Controller->remove_content(Object(WP_REST_Request))
#8 C:\New folder\htdocs\shopping\wp-includes\rest-api\class-wp-rest-server.php(1125): WP_REST_Server->respond_to_request(Object(WP_REST_Request), '/kadence-starte...', Array, NULL)
#9 C:\New folder\htdocs\shopping\wp-includes\rest-api\class-wp-rest-server.php(439): WP_REST_Server->dispatch(Object(WP_REST_Request))
#10 C:\New folder\htdocs\shopping\wp-includes\rest-api.php(449): WP_REST_Server->serve_request('/kadence-starte...')
#11 C:\New folder\htdocs\shopping\wp-includes\class-wp-hook.php(324): rest_api_loaded(Object(WP))
#12 C:\New folder\htdocs\shopping\wp-includes\class-wp-hook.php(348): WP_Hook->apply_filters(NULL, Array)
#13 C:\New folder\htdocs\shopping\wp-includes\plugin.php(565): WP_Hook->do_action(Array)
#14 C:\New folder\htdocs\shopping\wp-includes\class-wp.php(418): do_action_ref_array('parse_request', Array)
#15 C:\New folder\htdocs\shopping\wp-includes\class-wp.php(813): WP->parse_request('')
#16 C:\New folder\htdocs\shopping\wp-includes\functions.php(1336): WP->main('')
#17 C:\New folder\htdocs\shopping\wp-blog-header.php(16): wp()
#18 C:\New folder\htdocs\shopping\index.php(17): require('C:\\New folder\\h...')
#19 {main} CONTEXT: {"_legacy":true}
2025-05-22T00:06:35+00:00 NOTICE There was an error trying to get product set data in a catalog: Cannot create the API instance because the access token is missing. CONTEXT: {"_legacy":true}
2025-05-22T00:06:35+00:00 NOTICE ProductSetSync exception: exception_code : 0; exception_class : WooCommerce\Facebook\Framework\Api\Exception: exception_message : Cannot create the API instance because the access token is missing.; exception_trace : #0 C:\New folder\htdocs\shopping\wp-content\plugins\facebook-for-woocommerce\includes\ProductSets\ProductSetSync.php(148): WC_Facebookcommerce->get_api()
#1 C:\New folder\htdocs\shopping\wp-content\plugins\facebook-for-woocommerce\includes\ProductSets\ProductSetSync.php(67): WooCommerce\Facebook\ProductSets\ProductSetSync->get_fb_product_set_id(Object(WP_Term))
#2 C:\New folder\htdocs\shopping\wp-includes\class-wp-hook.php(324): WooCommerce\Facebook\ProductSets\ProductSetSync->on_create_or_update_product_wc_category_callback(26, 26, Array)
#3 C:\New folder\htdocs\shopping\wp-includes\class-wp-hook.php(348): WP_Hook->apply_filters('', Array)
#4 C:\New folder\htdocs\shopping\wp-includes\plugin.php(517): WP_Hook->do_action(Array)
#5 C:\New folder\htdocs\shopping\wp-includes\taxonomy.php(2680): do_action('create_product_...', 26, 26, Array)
#6 C:\New folder\htdocs\shopping\wp-content\plugins\kadence-starter-templates\wxr-importer\WXRImporter.php(1784): wp_insert_term('mug', 'product_cat', Array)
#7 C:\New folder\htdocs\shopping\wp-content\plugins\kadence-starter-templates\wxr-importer\WXRImporter.php(472): AwesomeMotive\WPContentImporter2\WXRImporter->process_term(Array, Array)
#8 C:\New folder\htdocs\shopping\wp-content\plugins\kadence-starter-templates\inc\class-importer.php(106): AwesomeMotive\WPContentImporter2\WXRImporter->import('C:\\New folder\\h...')
#9 C:\New folder\htdocs\shopping\wp-content\plugins\kadence-starter-templates\inc\class-importer.php(205): KadenceWP\KadenceStarterTemplates\Importer->import('C:\\New folder\\h...')
#10 C:\New folder\htdocs\shopping\wp-content\plugins\kadence-starter-templates\class-kadence-starter-templates.php(2608): KadenceWP\KadenceStarterTemplates\Importer->import_content('C:\\New folder\\h...')
#11 C:\New folder\htdocs\shopping\wp-includes\class-wp-hook.php(324): KadenceWP\KadenceStarterTemplates\Starter_Templates->import_demo_data_ajax_callback('')
#12 C:\New folder\htdocs\shopping\wp-includes\class-wp-hook.php(348): WP_Hook->apply_filters('', Array)
#13 C:\New folder\htdocs\shopping\wp-includes\plugin.php(517): WP_Hook->do_action(Array)
#14 C:\New folder\htdocs\shopping\wp-admin\admin-ajax.php(192): do_action('wp_ajax_kadence...')
#15 {main} CONTEXT: {"_legacy":true}
2025-05-22T00:06:35+00:00 NOTICE There was an error trying to get product set data in a catalog: Cannot create the API instance because the access token is missing. CONTEXT: {"_legacy":true}
2025-05-22T00:06:35+00:00 NOTICE ProductSetSync exception: exception_code : 0; exception_class : WooCommerce\Facebook\Framework\Api\Exception: exception_message : Cannot create the API instance because the access token is missing.; exception_trace : #0 C:\New folder\htdocs\shopping\wp-content\plugins\facebook-for-woocommerce\includes\ProductSets\ProductSetSync.php(148): WC_Facebookcommerce->get_api()
#1 C:\New folder\htdocs\shopping\wp-content\plugins\facebook-for-woocommerce\includes\ProductSets\ProductSetSync.php(67): WooCommerce\Facebook\ProductSets\ProductSetSync->get_fb_product_set_id(Object(WP_Term))
#2 C:\New folder\htdocs\shopping\wp-includes\class-wp-hook.php(324): WooCommerce\Facebook\ProductSets\ProductSetSync->on_create_or_update_product_wc_category_callback(28, 28, Array)
#3 C:\New folder\htdocs\shopping\wp-includes\class-wp-hook.php(348): WP_Hook->apply_filters('', Array)
#4 C:\New folder\htdocs\shopping\wp-includes\plugin.php(517): WP_Hook->do_action(Array)
#5 C:\New folder\htdocs\shopping\wp-includes\taxonomy.php(2680): do_action('create_product_...', 28, 28, Array)
#6 C:\New folder\htdocs\shopping\wp-content\plugins\kadence-starter-templates\wxr-importer\WXRImporter.php(1784): wp_insert_term('tshirts', 'product_cat', Array)
#7 C:\New folder\htdocs\shopping\wp-content\plugins\kadence-starter-templates\wxr-importer\WXRImporter.php(472): AwesomeMotive\WPContentImporter2\WXRImporter->process_term(Array, Array)
#8 C:\New folder\htdocs\shopping\wp-content\plugins\kadence-starter-templates\inc\class-importer.php(106): AwesomeMotive\WPContentImporter2\WXRImporter->import('C:\\New folder\\h...')
#9 C:\New folder\htdocs\shopping\wp-content\plugins\kadence-starter-templates\inc\class-importer.php(205): KadenceWP\KadenceStarterTemplates\Importer->import('C:\\New folder\\h...')
#10 C:\New folder\htdocs\shopping\wp-content\plugins\kadence-starter-templates\class-kadence-starter-templates.php(2608): KadenceWP\KadenceStarterTemplates\Importer->import_content('C:\\New folder\\h...')
#11 C:\New folder\htdocs\shopping\wp-includes\class-wp-hook.php(324): KadenceWP\KadenceStarterTemplates\Starter_Templates->import_demo_data_ajax_callback('')
#12 C:\New folder\htdocs\shopping\wp-includes\class-wp-hook.php(348): WP_Hook->apply_filters('', Array)
#13 C:\New folder\htdocs\shopping\wp-includes\plugin.php(517): WP_Hook->do_action(Array)
#14 C:\New folder\htdocs\shopping\wp-admin\admin-ajax.php(192): do_action('wp_ajax_kadence...')
#15 {main} CONTEXT: {"_legacy":true}
2025-05-22T00:06:35+00:00 NOTICE There was an error trying to get product set data in a catalog: Cannot create the API instance because the access token is missing. CONTEXT: {"_legacy":true}
2025-05-22T00:06:35+00:00 NOTICE ProductSetSync exception: exception_code : 0; exception_class : WooCommerce\Facebook\Framework\Api\Exception: exception_message : Cannot create the API instance because the access token is missing.; exception_trace : #0 C:\New folder\htdocs\shopping\wp-content\plugins\facebook-for-woocommerce\includes\ProductSets\ProductSetSync.php(148): WC_Facebookcommerce->get_api()
#1 C:\New folder\htdocs\shopping\wp-content\plugins\facebook-for-woocommerce\includes\ProductSets\ProductSetSync.php(67): WooCommerce\Facebook\ProductSets\ProductSetSync->get_fb_product_set_id(Object(WP_Term))
#2 C:\New folder\htdocs\shopping\wp-includes\class-wp-hook.php(324): WooCommerce\Facebook\ProductSets\ProductSetSync->on_create_or_update_product_wc_category_callback(29, 29, Array)
#3 C:\New folder\htdocs\shopping\wp-includes\class-wp-hook.php(348): WP_Hook->apply_filters('', Array)
#4 C:\New folder\htdocs\shopping\wp-includes\plugin.php(517): WP_Hook->do_action(Array)
#5 C:\New folder\htdocs\shopping\wp-includes\taxonomy.php(2680): do_action('create_product_...', 29, 29, Array)
#6 C:\New folder\htdocs\shopping\wp-content\plugins\kadence-starter-templates\wxr-importer\WXRImporter.php(1784): wp_insert_term('Uncategorized', 'product_cat', Array)
#7 C:\New folder\htdocs\shopping\wp-content\plugins\kadence-starter-templates\wxr-importer\WXRImporter.php(472): AwesomeMotive\WPContentImporter2\WXRImporter->process_term(Array, Array)
#8 C:\New folder\htdocs\shopping\wp-content\plugins\kadence-starter-templates\inc\class-importer.php(106): AwesomeMotive\WPContentImporter2\WXRImporter->import('C:\\New folder\\h...')
#9 C:\New folder\htdocs\shopping\wp-content\plugins\kadence-starter-templates\inc\class-importer.php(205): KadenceWP\KadenceStarterTemplates\Importer->import('C:\\New folder\\h...')
#10 C:\New folder\htdocs\shopping\wp-content\plugins\kadence-starter-templates\class-kadence-starter-templates.php(2608): KadenceWP\KadenceStarterTemplates\Importer->import_content('C:\\New folder\\h...')
#11 C:\New folder\htdocs\shopping\wp-includes\class-wp-hook.php(324): KadenceWP\KadenceStarterTemplates\Starter_Templates->import_demo_data_ajax_callback('')
#12 C:\New folder\htdocs\shopping\wp-includes\class-wp-hook.php(348): WP_Hook->apply_filters('', Array)
#13 C:\New folder\htdocs\shopping\wp-includes\plugin.php(517): WP_Hook->do_action(Array)
#14 C:\New folder\htdocs\shopping\wp-admin\admin-ajax.php(192): do_action('wp_ajax_kadence...')
#15 {main} CONTEXT: {"_legacy":true}
2025-05-22T00:20:28+00:00 NOTICE There was an error trying to get product set data in a catalog: Cannot create the API instance because the access token is missing. CONTEXT: {"_legacy":true}
2025-05-22T00:20:28+00:00 NOTICE ProductSetSync exception: exception_code : 0; exception_class : WooCommerce\Facebook\Framework\Api\Exception: exception_message : Cannot create the API instance because the access token is missing.; exception_trace : #0 C:\New folder\htdocs\shopping\wp-content\plugins\facebook-for-woocommerce\includes\ProductSets\ProductSetSync.php(148): WC_Facebookcommerce->get_api()
#1 C:\New folder\htdocs\shopping\wp-content\plugins\facebook-for-woocommerce\includes\ProductSets\ProductSetSync.php(92): WooCommerce\Facebook\ProductSets\ProductSetSync->get_fb_product_set_id(Object(WP_Term))
#2 C:\New folder\htdocs\shopping\wp-includes\class-wp-hook.php(324): WooCommerce\Facebook\ProductSets\ProductSetSync->on_delete_wc_product_category_callback(26, '26', Object(WP_Term), Array)
#3 C:\New folder\htdocs\shopping\wp-includes\class-wp-hook.php(348): WP_Hook->apply_filters(NULL, Array)
#4 C:\New folder\htdocs\shopping\wp-includes\plugin.php(517): WP_Hook->do_action(Array)
#5 C:\New folder\htdocs\shopping\wp-includes\taxonomy.php(2227): do_action('delete_product_...', 26, '26', Object(WP_Term), Array)
#6 C:\New folder\htdocs\shopping\wp-content\plugins\kadence-starter-templates\inc\class-template-library-rest-api.php(1687): wp_delete_term(26, 'product_cat')
#7 C:\New folder\htdocs\shopping\wp-includes\rest-api\class-wp-rest-server.php(1292): KadenceWP\KadenceStarterTemplates\Library_REST_Controller->remove_content(Object(WP_REST_Request))
#8 C:\New folder\htdocs\shopping\wp-includes\rest-api\class-wp-rest-server.php(1125): WP_REST_Server->respond_to_request(Object(WP_REST_Request), '/kadence-starte...', Array, NULL)
#9 C:\New folder\htdocs\shopping\wp-includes\rest-api\class-wp-rest-server.php(439): WP_REST_Server->dispatch(Object(WP_REST_Request))
#10 C:\New folder\htdocs\shopping\wp-includes\rest-api.php(459): WP_REST_Server->serve_request('/kadence-starte...')
#11 C:\New folder\htdocs\shopping\wp-includes\class-wp-hook.php(324): rest_api_loaded(Object(WP))
#12 C:\New folder\htdocs\shopping\wp-includes\class-wp-hook.php(348): WP_Hook->apply_filters(NULL, Array)
#13 C:\New folder\htdocs\shopping\wp-includes\plugin.php(565): WP_Hook->do_action(Array)
#14 C:\New folder\htdocs\shopping\wp-includes\class-wp.php(418): do_action_ref_array('parse_request', Array)
#15 C:\New folder\htdocs\shopping\wp-includes\class-wp.php(818): WP->parse_request('')
#16 C:\New folder\htdocs\shopping\wp-includes\functions.php(1342): WP->main('')
#17 C:\New folder\htdocs\shopping\wp-blog-header.php(16): wp()
#18 C:\New folder\htdocs\shopping\index.php(17): require('C:\\New folder\\h...')
#19 {main} CONTEXT: {"_legacy":true}
2025-05-22T00:20:28+00:00 NOTICE There was an error trying to get product set data in a catalog: Cannot create the API instance because the access token is missing. CONTEXT: {"_legacy":true}
2025-05-22T00:20:28+00:00 NOTICE ProductSetSync exception: exception_code : 0; exception_class : WooCommerce\Facebook\Framework\Api\Exception: exception_message : Cannot create the API instance because the access token is missing.; exception_trace : #0 C:\New folder\htdocs\shopping\wp-content\plugins\facebook-for-woocommerce\includes\ProductSets\ProductSetSync.php(148): WC_Facebookcommerce->get_api()
#1 C:\New folder\htdocs\shopping\wp-content\plugins\facebook-for-woocommerce\includes\ProductSets\ProductSetSync.php(92): WooCommerce\Facebook\ProductSets\ProductSetSync->get_fb_product_set_id(Object(WP_Term))
#2 C:\New folder\htdocs\shopping\wp-includes\class-wp-hook.php(324): WooCommerce\Facebook\ProductSets\ProductSetSync->on_delete_wc_product_category_callback(28, '28', Object(WP_Term), Array)
#3 C:\New folder\htdocs\shopping\wp-includes\class-wp-hook.php(348): WP_Hook->apply_filters(NULL, Array)
#4 C:\New folder\htdocs\shopping\wp-includes\plugin.php(517): WP_Hook->do_action(Array)
#5 C:\New folder\htdocs\shopping\wp-includes\taxonomy.php(2227): do_action('delete_product_...', 28, '28', Object(WP_Term), Array)
#6 C:\New folder\htdocs\shopping\wp-content\plugins\kadence-starter-templates\inc\class-template-library-rest-api.php(1687): wp_delete_term(28, 'product_cat')
#7 C:\New folder\htdocs\shopping\wp-includes\rest-api\class-wp-rest-server.php(1292): KadenceWP\KadenceStarterTemplates\Library_REST_Controller->remove_content(Object(WP_REST_Request))
#8 C:\New folder\htdocs\shopping\wp-includes\rest-api\class-wp-rest-server.php(1125): WP_REST_Server->respond_to_request(Object(WP_REST_Request), '/kadence-starte...', Array, NULL)
#9 C:\New folder\htdocs\shopping\wp-includes\rest-api\class-wp-rest-server.php(439): WP_REST_Server->dispatch(Object(WP_REST_Request))
#10 C:\New folder\htdocs\shopping\wp-includes\rest-api.php(459): WP_REST_Server->serve_request('/kadence-starte...')
#11 C:\New folder\htdocs\shopping\wp-includes\class-wp-hook.php(324): rest_api_loaded(Object(WP))
#12 C:\New folder\htdocs\shopping\wp-includes\class-wp-hook.php(348): WP_Hook->apply_filters(NULL, Array)
#13 C:\New folder\htdocs\shopping\wp-includes\plugin.php(565): WP_Hook->do_action(Array)
#14 C:\New folder\htdocs\shopping\wp-includes\class-wp.php(418): do_action_ref_array('parse_request', Array)
#15 C:\New folder\htdocs\shopping\wp-includes\class-wp.php(818): WP->parse_request('')
#16 C:\New folder\htdocs\shopping\wp-includes\functions.php(1342): WP->main('')
#17 C:\New folder\htdocs\shopping\wp-blog-header.php(16): wp()
#18 C:\New folder\htdocs\shopping\index.php(17): require('C:\\New folder\\h...')
#19 {main} CONTEXT: {"_legacy":true}
2025-05-22T00:20:28+00:00 NOTICE There was an error trying to get product set data in a catalog: Cannot create the API instance because the access token is missing. CONTEXT: {"_legacy":true}
2025-05-22T00:20:28+00:00 NOTICE ProductSetSync exception: exception_code : 0; exception_class : WooCommerce\Facebook\Framework\Api\Exception: exception_message : Cannot create the API instance because the access token is missing.; exception_trace : #0 C:\New folder\htdocs\shopping\wp-content\plugins\facebook-for-woocommerce\includes\ProductSets\ProductSetSync.php(148): WC_Facebookcommerce->get_api()
#1 C:\New folder\htdocs\shopping\wp-content\plugins\facebook-for-woocommerce\includes\ProductSets\ProductSetSync.php(92): WooCommerce\Facebook\ProductSets\ProductSetSync->get_fb_product_set_id(Object(WP_Term))
#2 C:\New folder\htdocs\shopping\wp-includes\class-wp-hook.php(324): WooCommerce\Facebook\ProductSets\ProductSetSync->on_delete_wc_product_category_callback(29, '29', Object(WP_Term), Array)
#3 C:\New folder\htdocs\shopping\wp-includes\class-wp-hook.php(348): WP_Hook->apply_filters(NULL, Array)
#4 C:\New folder\htdocs\shopping\wp-includes\plugin.php(517): WP_Hook->do_action(Array)
#5 C:\New folder\htdocs\shopping\wp-includes\taxonomy.php(2227): do_action('delete_product_...', 29, '29', Object(WP_Term), Array)
#6 C:\New folder\htdocs\shopping\wp-content\plugins\kadence-starter-templates\inc\class-template-library-rest-api.php(1687): wp_delete_term(29, 'product_cat')
#7 C:\New folder\htdocs\shopping\wp-includes\rest-api\class-wp-rest-server.php(1292): KadenceWP\KadenceStarterTemplates\Library_REST_Controller->remove_content(Object(WP_REST_Request))
#8 C:\New folder\htdocs\shopping\wp-includes\rest-api\class-wp-rest-server.php(1125): WP_REST_Server->respond_to_request(Object(WP_REST_Request), '/kadence-starte...', Array, NULL)
#9 C:\New folder\htdocs\shopping\wp-includes\rest-api\class-wp-rest-server.php(439): WP_REST_Server->dispatch(Object(WP_REST_Request))
#10 C:\New folder\htdocs\shopping\wp-includes\rest-api.php(459): WP_REST_Server->serve_request('/kadence-starte...')
#11 C:\New folder\htdocs\shopping\wp-includes\class-wp-hook.php(324): rest_api_loaded(Object(WP))
#12 C:\New folder\htdocs\shopping\wp-includes\class-wp-hook.php(348): WP_Hook->apply_filters(NULL, Array)
#13 C:\New folder\htdocs\shopping\wp-includes\plugin.php(565): WP_Hook->do_action(Array)
#14 C:\New folder\htdocs\shopping\wp-includes\class-wp.php(418): do_action_ref_array('parse_request', Array)
#15 C:\New folder\htdocs\shopping\wp-includes\class-wp.php(818): WP->parse_request('')
#16 C:\New folder\htdocs\shopping\wp-includes\functions.php(1342): WP->main('')
#17 C:\New folder\htdocs\shopping\wp-blog-header.php(16): wp()
#18 C:\New folder\htdocs\shopping\index.php(17): require('C:\\New folder\\h...')
#19 {main} CONTEXT: {"_legacy":true}
2025-05-22T00:20:38+00:00 NOTICE There was an error trying to get product set data in a catalog: Cannot create the API instance because the access token is missing. CONTEXT: {"_legacy":true}
2025-05-22T00:20:38+00:00 NOTICE ProductSetSync exception: exception_code : 0; exception_class : WooCommerce\Facebook\Framework\Api\Exception: exception_message : Cannot create the API instance because the access token is missing.; exception_trace : #0 C:\New folder\htdocs\shopping\wp-content\plugins\facebook-for-woocommerce\includes\ProductSets\ProductSetSync.php(148): WC_Facebookcommerce->get_api()
#1 C:\New folder\htdocs\shopping\wp-content\plugins\facebook-for-woocommerce\includes\ProductSets\ProductSetSync.php(67): WooCommerce\Facebook\ProductSets\ProductSetSync->get_fb_product_set_id(Object(WP_Term))
#2 C:\New folder\htdocs\shopping\wp-includes\class-wp-hook.php(324): WooCommerce\Facebook\ProductSets\ProductSetSync->on_create_or_update_product_wc_category_callback(35, 35, Array)
#3 C:\New folder\htdocs\shopping\wp-includes\class-wp-hook.php(348): WP_Hook->apply_filters('', Array)
#4 C:\New folder\htdocs\shopping\wp-includes\plugin.php(517): WP_Hook->do_action(Array)
#5 C:\New folder\htdocs\shopping\wp-includes\taxonomy.php(2691): do_action('create_product_...', 35, 35, Array)
#6 C:\New folder\htdocs\shopping\wp-content\plugins\kadence-starter-templates\wxr-importer\WXRImporter.php(1784): wp_insert_term('mug', 'product_cat', Array)
#7 C:\New folder\htdocs\shopping\wp-content\plugins\kadence-starter-templates\wxr-importer\WXRImporter.php(472): AwesomeMotive\WPContentImporter2\WXRImporter->process_term(Array, Array)
#8 C:\New folder\htdocs\shopping\wp-content\plugins\kadence-starter-templates\inc\class-importer.php(106): AwesomeMotive\WPContentImporter2\WXRImporter->import('C:\\New folder\\h...')
#9 C:\New folder\htdocs\shopping\wp-content\plugins\kadence-starter-templates\inc\class-importer.php(205): KadenceWP\KadenceStarterTemplates\Importer->import('C:\\New folder\\h...')
#10 C:\New folder\htdocs\shopping\wp-content\plugins\kadence-starter-templates\class-kadence-starter-templates.php(2608): KadenceWP\KadenceStarterTemplates\Importer->import_content('C:\\New folder\\h...')
#11 C:\New folder\htdocs\shopping\wp-includes\class-wp-hook.php(324): KadenceWP\KadenceStarterTemplates\Starter_Templates->import_demo_data_ajax_callback('')
#12 C:\New folder\htdocs\shopping\wp-includes\class-wp-hook.php(348): WP_Hook->apply_filters('', Array)
#13 C:\New folder\htdocs\shopping\wp-includes\plugin.php(517): WP_Hook->do_action(Array)
#14 C:\New folder\htdocs\shopping\wp-admin\admin-ajax.php(192): do_action('wp_ajax_kadence...')
#15 {main} CONTEXT: {"_legacy":true}
2025-05-22T00:20:38+00:00 NOTICE There was an error trying to get product set data in a catalog: Cannot create the API instance because the access token is missing. CONTEXT: {"_legacy":true}
2025-05-22T00:20:38+00:00 NOTICE ProductSetSync exception: exception_code : 0; exception_class : WooCommerce\Facebook\Framework\Api\Exception: exception_message : Cannot create the API instance because the access token is missing.; exception_trace : #0 C:\New folder\htdocs\shopping\wp-content\plugins\facebook-for-woocommerce\includes\ProductSets\ProductSetSync.php(148): WC_Facebookcommerce->get_api()
#1 C:\New folder\htdocs\shopping\wp-content\plugins\facebook-for-woocommerce\includes\ProductSets\ProductSetSync.php(67): WooCommerce\Facebook\ProductSets\ProductSetSync->get_fb_product_set_id(Object(WP_Term))
#2 C:\New folder\htdocs\shopping\wp-includes\class-wp-hook.php(324): WooCommerce\Facebook\ProductSets\ProductSetSync->on_create_or_update_product_wc_category_callback(37, 37, Array)
#3 C:\New folder\htdocs\shopping\wp-includes\class-wp-hook.php(348): WP_Hook->apply_filters('', Array)
#4 C:\New folder\htdocs\shopping\wp-includes\plugin.php(517): WP_Hook->do_action(Array)
#5 C:\New folder\htdocs\shopping\wp-includes\taxonomy.php(2691): do_action('create_product_...', 37, 37, Array)
#6 C:\New folder\htdocs\shopping\wp-content\plugins\kadence-starter-templates\wxr-importer\WXRImporter.php(1784): wp_insert_term('tshirts', 'product_cat', Array)
#7 C:\New folder\htdocs\shopping\wp-content\plugins\kadence-starter-templates\wxr-importer\WXRImporter.php(472): AwesomeMotive\WPContentImporter2\WXRImporter->process_term(Array, Array)
#8 C:\New folder\htdocs\shopping\wp-content\plugins\kadence-starter-templates\inc\class-importer.php(106): AwesomeMotive\WPContentImporter2\WXRImporter->import('C:\\New folder\\h...')
#9 C:\New folder\htdocs\shopping\wp-content\plugins\kadence-starter-templates\inc\class-importer.php(205): KadenceWP\KadenceStarterTemplates\Importer->import('C:\\New folder\\h...')
#10 C:\New folder\htdocs\shopping\wp-content\plugins\kadence-starter-templates\class-kadence-starter-templates.php(2608): KadenceWP\KadenceStarterTemplates\Importer->import_content('C:\\New folder\\h...')
#11 C:\New folder\htdocs\shopping\wp-includes\class-wp-hook.php(324): KadenceWP\KadenceStarterTemplates\Starter_Templates->import_demo_data_ajax_callback('')
#12 C:\New folder\htdocs\shopping\wp-includes\class-wp-hook.php(348): WP_Hook->apply_filters('', Array)
#13 C:\New folder\htdocs\shopping\wp-includes\plugin.php(517): WP_Hook->do_action(Array)
#14 C:\New folder\htdocs\shopping\wp-admin\admin-ajax.php(192): do_action('wp_ajax_kadence...')
#15 {main} CONTEXT: {"_legacy":true}
2025-05-22T00:20:38+00:00 NOTICE There was an error trying to get product set data in a catalog: Cannot create the API instance because the access token is missing. CONTEXT: {"_legacy":true}
2025-05-22T00:20:38+00:00 NOTICE ProductSetSync exception: exception_code : 0; exception_class : WooCommerce\Facebook\Framework\Api\Exception: exception_message : Cannot create the API instance because the access token is missing.; exception_trace : #0 C:\New folder\htdocs\shopping\wp-content\plugins\facebook-for-woocommerce\includes\ProductSets\ProductSetSync.php(148): WC_Facebookcommerce->get_api()
#1 C:\New folder\htdocs\shopping\wp-content\plugins\facebook-for-woocommerce\includes\ProductSets\ProductSetSync.php(67): WooCommerce\Facebook\ProductSets\ProductSetSync->get_fb_product_set_id(Object(WP_Term))
#2 C:\New folder\htdocs\shopping\wp-includes\class-wp-hook.php(324): WooCommerce\Facebook\ProductSets\ProductSetSync->on_create_or_update_product_wc_category_callback(38, 38, Array)
#3 C:\New folder\htdocs\shopping\wp-includes\class-wp-hook.php(348): WP_Hook->apply_filters('', Array)
#4 C:\New folder\htdocs\shopping\wp-includes\plugin.php(517): WP_Hook->do_action(Array)
#5 C:\New folder\htdocs\shopping\wp-includes\taxonomy.php(2691): do_action('create_product_...', 38, 38, Array)
#6 C:\New folder\htdocs\shopping\wp-content\plugins\kadence-starter-templates\wxr-importer\WXRImporter.php(1784): wp_insert_term('Uncategorized', 'product_cat', Array)
#7 C:\New folder\htdocs\shopping\wp-content\plugins\kadence-starter-templates\wxr-importer\WXRImporter.php(472): AwesomeMotive\WPContentImporter2\WXRImporter->process_term(Array, Array)
#8 C:\New folder\htdocs\shopping\wp-content\plugins\kadence-starter-templates\inc\class-importer.php(106): AwesomeMotive\WPContentImporter2\WXRImporter->import('C:\\New folder\\h...')
#9 C:\New folder\htdocs\shopping\wp-content\plugins\kadence-starter-templates\inc\class-importer.php(205): KadenceWP\KadenceStarterTemplates\Importer->import('C:\\New folder\\h...')
#10 C:\New folder\htdocs\shopping\wp-content\plugins\kadence-starter-templates\class-kadence-starter-templates.php(2608): KadenceWP\KadenceStarterTemplates\Importer->import_content('C:\\New folder\\h...')
#11 C:\New folder\htdocs\shopping\wp-includes\class-wp-hook.php(324): KadenceWP\KadenceStarterTemplates\Starter_Templates->import_demo_data_ajax_callback('')
#12 C:\New folder\htdocs\shopping\wp-includes\class-wp-hook.php(348): WP_Hook->apply_filters('', Array)
#13 C:\New folder\htdocs\shopping\wp-includes\plugin.php(517): WP_Hook->do_action(Array)
#14 C:\New folder\htdocs\shopping\wp-admin\admin-ajax.php(192): do_action('wp_ajax_kadence...')
#15 {main} CONTEXT: {"_legacy":true}
2025-05-22T02:07:23+00:00 NOTICE There was an error trying to get product set data in a catalog: Cannot create the API instance because the access token is missing. CONTEXT: {"_legacy":true}
2025-05-22T02:07:23+00:00 NOTICE ProductSetSync exception: exception_code : 0; exception_class : WooCommerce\Facebook\Framework\Api\Exception: exception_message : Cannot create the API instance because the access token is missing.; exception_trace : #0 C:\New folder\htdocs\shopping\wp-content\plugins\facebook-for-woocommerce\includes\ProductSets\ProductSetSync.php(148): WC_Facebookcommerce->get_api()
#1 C:\New folder\htdocs\shopping\wp-content\plugins\facebook-for-woocommerce\includes\ProductSets\ProductSetSync.php(92): WooCommerce\Facebook\ProductSets\ProductSetSync->get_fb_product_set_id(Object(WP_Term))
#2 C:\New folder\htdocs\shopping\wp-includes\class-wp-hook.php(324): WooCommerce\Facebook\ProductSets\ProductSetSync->on_delete_wc_product_category_callback(38, '38', Object(WP_Term), Array)
#3 C:\New folder\htdocs\shopping\wp-includes\class-wp-hook.php(348): WP_Hook->apply_filters(NULL, Array)
#4 C:\New folder\htdocs\shopping\wp-includes\plugin.php(517): WP_Hook->do_action(Array)
#5 C:\New folder\htdocs\shopping\wp-includes\taxonomy.php(2227): do_action('delete_product_...', 38, '38', Object(WP_Term), Array)
#6 C:\New folder\htdocs\shopping\wp-admin\includes\ajax-actions.php(804): wp_delete_term(38, 'product_cat')
#7 C:\New folder\htdocs\shopping\wp-includes\class-wp-hook.php(324): wp_ajax_delete_tag('')
#8 C:\New folder\htdocs\shopping\wp-includes\class-wp-hook.php(348): WP_Hook->apply_filters('', Array)
#9 C:\New folder\htdocs\shopping\wp-includes\plugin.php(517): WP_Hook->do_action(Array)
#10 C:\New folder\htdocs\shopping\wp-admin\admin-ajax.php(192): do_action('wp_ajax_delete-...')
#11 {main} CONTEXT: {"_legacy":true}
2025-05-22T02:07:47+00:00 NOTICE There was an error trying to get product set data in a catalog: Cannot create the API instance because the access token is missing. CONTEXT: {"_legacy":true}
2025-05-22T02:07:47+00:00 NOTICE ProductSetSync exception: exception_code : 0; exception_class : WooCommerce\Facebook\Framework\Api\Exception: exception_message : Cannot create the API instance because the access token is missing.; exception_trace : #0 C:\New folder\htdocs\shopping\wp-content\plugins\facebook-for-woocommerce\includes\ProductSets\ProductSetSync.php(148): WC_Facebookcommerce->get_api()
#1 C:\New folder\htdocs\shopping\wp-content\plugins\facebook-for-woocommerce\includes\ProductSets\ProductSetSync.php(67): WooCommerce\Facebook\ProductSets\ProductSetSync->get_fb_product_set_id(Object(WP_Term))
#2 C:\New folder\htdocs\shopping\wp-includes\class-wp-hook.php(324): WooCommerce\Facebook\ProductSets\ProductSetSync->on_create_or_update_product_wc_category_callback(37, 37, Array)
#3 C:\New folder\htdocs\shopping\wp-includes\class-wp-hook.php(348): WP_Hook->apply_filters(NULL, Array)
#4 C:\New folder\htdocs\shopping\wp-includes\plugin.php(517): WP_Hook->do_action(Array)
#5 C:\New folder\htdocs\shopping\wp-includes\taxonomy.php(3483): do_action('edited_product_...', 37, 37, Array)
#6 C:\New folder\htdocs\shopping\wp-admin\includes\ajax-actions.php(2200): wp_update_term(37, 'product_cat', Array)
#7 C:\New folder\htdocs\shopping\wp-includes\class-wp-hook.php(324): wp_ajax_inline_save_tax('')
#8 C:\New folder\htdocs\shopping\wp-includes\class-wp-hook.php(348): WP_Hook->apply_filters('', Array)
#9 C:\New folder\htdocs\shopping\wp-includes\plugin.php(517): WP_Hook->do_action(Array)
#10 C:\New folder\htdocs\shopping\wp-admin\admin-ajax.php(192): do_action('wp_ajax_inline-...')
#11 {main} CONTEXT: {"_legacy":true}
2025-05-22T02:08:18+00:00 NOTICE There was an error trying to get product set data in a catalog: Cannot create the API instance because the access token is missing. CONTEXT: {"_legacy":true}
2025-05-22T02:08:18+00:00 NOTICE ProductSetSync exception: exception_code : 0; exception_class : WooCommerce\Facebook\Framework\Api\Exception: exception_message : Cannot create the API instance because the access token is missing.; exception_trace : #0 C:\New folder\htdocs\shopping\wp-content\plugins\facebook-for-woocommerce\includes\ProductSets\ProductSetSync.php(148): WC_Facebookcommerce->get_api()
#1 C:\New folder\htdocs\shopping\wp-content\plugins\facebook-for-woocommerce\includes\ProductSets\ProductSetSync.php(67): WooCommerce\Facebook\ProductSets\ProductSetSync->get_fb_product_set_id(Object(WP_Term))
#2 C:\New folder\htdocs\shopping\wp-includes\class-wp-hook.php(324): WooCommerce\Facebook\ProductSets\ProductSetSync->on_create_or_update_product_wc_category_callback(35, 35, Array)
#3 C:\New folder\htdocs\shopping\wp-includes\class-wp-hook.php(348): WP_Hook->apply_filters(NULL, Array)
#4 C:\New folder\htdocs\shopping\wp-includes\plugin.php(517): WP_Hook->do_action(Array)
#5 C:\New folder\htdocs\shopping\wp-includes\taxonomy.php(3483): do_action('edited_product_...', 35, 35, Array)
#6 C:\New folder\htdocs\shopping\wp-admin\includes\ajax-actions.php(2200): wp_update_term(35, 'product_cat', Array)
#7 C:\New folder\htdocs\shopping\wp-includes\class-wp-hook.php(324): wp_ajax_inline_save_tax('')
#8 C:\New folder\htdocs\shopping\wp-includes\class-wp-hook.php(348): WP_Hook->apply_filters('', Array)
#9 C:\New folder\htdocs\shopping\wp-includes\plugin.php(517): WP_Hook->do_action(Array)
#10 C:\New folder\htdocs\shopping\wp-admin\admin-ajax.php(192): do_action('wp_ajax_inline-...')
#11 {main} CONTEXT: {"_legacy":true}
2025-05-22T02:12:22+00:00 NOTICE There was an error trying sync products using the Catalog Batch API for job 386edb340876521b65024b9c32c6f5d6: Cannot create the API instance because the access token is missing. CONTEXT: {"_legacy":true}
2025-05-22T02:16:58+00:00 NOTICE There was an error trying sync products using the Catalog Batch API for job 5707956bfe2d9d4c3133064cf61c0e63: Cannot create the API instance because the access token is missing. CONTEXT: {"_legacy":true}
2025-05-22T02:20:02+00:00 NOTICE There was an error trying sync products using the Catalog Batch API for job 615c6754033ea0248c7fb07b26a88e37: Cannot create the API instance because the access token is missing. CONTEXT: {"_legacy":true}
2025-05-22T02:24:17+00:00 NOTICE There was an error trying sync products using the Catalog Batch API for job 2624cebe98af16c43e5eaeccb822bfcc: Cannot create the API instance because the access token is missing. CONTEXT: {"_legacy":true}
